TN:
SF:expo-env.d.ts
FNF:0
FNH:0
LF:0
LH:0
BRF:0
BRH:0
end_of_record
TN:
SF:.expo\types\router.d.ts
FNF:0
FNH:0
LF:0
LH:0
BRF:0
BRH:0
end_of_record
TN:
SF:app\+not-found.tsx
FN:5,NotFoundScreen
FNF:1
FNH:0
FNDA:0,NotFoundScreen
DA:6,0
DA:8,0
DA:21,0
LF:3
LH:0
BRF:0
BRH:0
end_of_record
TN:
SF:app\_layout.tsx
FN:22,ErrorToastContainer
FN:36,RootLayoutContent
FN:44,(anonymous_2)
FN:47,(anonymous_3)
FN:50,(anonymous_4)
FN:72,(anonymous_5)
FN:124,RootLayout
FN:127,(anonymous_7)
FN:128,(anonymous_8)
FNF:9
FNH:0
FNDA:0,ErrorToastContainer
FNDA:0,RootLayoutContent
FNDA:0,(anonymous_2)
FNDA:0,(anonymous_3)
FNDA:0,(anonymous_4)
FNDA:0,(anonymous_5)
FNDA:0,RootLayout
FNDA:0,(anonymous_7)
FNDA:0,(anonymous_8)
DA:23,0
DA:25,0
DA:37,0
DA:38,0
DA:39,0
DA:40,0
DA:41,0
DA:44,0
DA:45,0
DA:47,0
DA:48,0
DA:50,0
DA:55,0
DA:56,0
DA:72,0
DA:73,0
DA:74,0
DA:75,0
DA:77,0
DA:78,0
DA:82,0
DA:125,0
DA:127,0
DA:128,0
DA:129,0
DA:130,0
DA:131,0
DA:133,0
DA:134,0
DA:138,0
DA:142,0
DA:143,0
DA:155,0
LF:33
LH:0
BRDA:45,0,0,0
BRDA:45,0,1,0
BRDA:45,1,0,0
BRDA:45,1,1,0
BRDA:55,2,0,0
BRDA:55,2,1,0
BRDA:75,3,0,0
BRDA:75,3,1,0
BRDA:75,4,0,0
BRDA:75,4,1,0
BRDA:142,5,0,0
BRDA:142,5,1,0
BRF:12
BRH:0
end_of_record
TN:
SF:app\profile.tsx
FN:26,ProfileScreen
FN:47,(anonymous_1)
FN:62,(anonymous_2)
FN:76,(anonymous_3)
FN:102,(anonymous_4)
FN:128,(anonymous_5)
FN:133,(anonymous_6)
FN:267,(anonymous_7)
FN:292,(anonymous_8)
FN:308,(anonymous_9)
FN:359,(anonymous_10)
FNF:11
FNH:0
FNDA:0,ProfileScreen
FNDA:0,(anonymous_1)
FNDA:0,(anonymous_2)
FNDA:0,(anonymous_3)
FNDA:0,(anonymous_4)
FNDA:0,(anonymous_5)
FNDA:0,(anonymous_6)
FNDA:0,(anonymous_7)
FNDA:0,(anonymous_8)
FNDA:0,(anonymous_9)
FNDA:0,(anonymous_10)
DA:24,0
DA:27,0
DA:28,0
DA:29,0
DA:30,0
DA:31,0
DA:32,0
DA:33,0
DA:34,0
DA:45,0
DA:47,0
DA:48,0
DA:50,0
DA:51,0
DA:52,0
DA:53,0
DA:54,0
DA:56,0
DA:58,0
DA:62,0
DA:63,0
DA:73,0
DA:76,0
DA:77,0
DA:78,0
DA:80,0
DA:81,0
DA:82,0
DA:85,0
DA:92,0
DA:93,0
DA:94,0
DA:97,0
DA:98,0
DA:102,0
DA:103,0
DA:104,0
DA:106,0
DA:107,0
DA:108,0
DA:111,0
DA:118,0
DA:119,0
DA:120,0
DA:123,0
DA:124,0
DA:128,0
DA:129,0
DA:130,0
DA:133,0
DA:134,0
DA:136,0
DA:137,0
DA:139,0
DA:159,0
DA:160,0
DA:170,0
DA:267,0
DA:292,0
DA:308,0
DA:359,0
DA:360,0
LF:62
LH:0
BRDA:35,0,0,0
BRDA:35,0,1,0
BRDA:36,1,0,0
BRDA:36,1,1,0
BRDA:37,2,0,0
BRDA:37,2,1,0
BRDA:38,3,0,0
BRDA:38,3,1,0
BRDA:48,4,0,0
BRDA:48,4,1,0
BRDA:64,5,0,0
BRDA:64,5,1,0
BRDA:65,6,0,0
BRDA:65,6,1,0
BRDA:66,7,0,0
BRDA:66,7,1,0
BRDA:67,8,0,0
BRDA:67,8,1,0
BRDA:80,9,0,0
BRDA:80,9,1,0
BRDA:92,10,0,0
BRDA:92,10,1,0
BRDA:92,11,0,0
BRDA:92,11,1,0
BRDA:92,11,2,0
BRDA:106,12,0,0
BRDA:106,12,1,0
BRDA:118,13,0,0
BRDA:118,13,1,0
BRDA:118,14,0,0
BRDA:118,14,1,0
BRDA:118,14,2,0
BRDA:129,15,0,0
BRDA:129,15,1,0
BRDA:134,16,0,0
BRDA:134,16,1,0
BRDA:136,17,0,0
BRDA:136,17,1,0
BRDA:159,18,0,0
BRDA:159,18,1,0
BRDA:162,19,0,0
BRDA:162,19,1,0
BRDA:172,20,0,0
BRDA:172,20,1,0
BRDA:188,21,0,0
BRDA:188,21,1,0
BRDA:190,22,0,0
BRDA:190,22,1,0
BRDA:194,23,0,0
BRDA:194,23,1,0
BRDA:195,24,0,0
BRDA:195,24,1,0
BRDA:209,25,0,0
BRDA:209,25,1,0
BRDA:209,26,0,0
BRDA:209,26,1,0
BRDA:211,27,0,0
BRDA:211,27,1,0
BRDA:220,28,0,0
BRDA:220,28,1,0
BRDA:235,29,0,0
BRDA:235,29,1,0
BRDA:242,30,0,0
BRDA:242,30,1,0
BRDA:263,31,0,0
BRDA:263,31,1,0
BRDA:272,32,0,0
BRDA:272,32,1,0
BRDA:288,33,0,0
BRDA:288,33,1,0
BRDA:297,34,0,0
BRDA:297,34,1,0
BRDA:304,35,0,0
BRDA:304,35,1,0
BRDA:316,36,0,0
BRDA:316,36,1,0
BRDA:318,37,0,0
BRDA:318,37,1,0
BRDA:320,38,0,0
BRDA:320,38,1,0
BRDA:327,39,0,0
BRDA:327,39,1,0
BRDA:339,40,0,0
BRDA:339,40,1,0
BRDA:342,41,0,0
BRDA:342,41,1,0
BRDA:346,42,0,0
BRDA:346,42,1,0
BRDA:403,43,0,0
BRDA:403,43,1,0
BRDA:424,44,0,0
BRDA:424,44,1,0
BRDA:573,45,0,0
BRDA:573,45,1,0
BRF:94
BRH:0
end_of_record
TN:
SF:app\(auth)\_layout.tsx
FN:3,AuthLayout
FNF:1
FNH:0
FNDA:0,AuthLayout
DA:4,0
LF:1
LH:0
BRF:0
BRH:0
end_of_record
TN:
SF:app\(auth)\login.tsx
FN:19,LoginScreen
FN:29,(anonymous_1)
FN:57,(anonymous_2)
FN:100,(anonymous_3)
FN:111,(anonymous_4)
FN:117,(anonymous_5)
FNF:6
FNH:0
FNDA:0,LoginScreen
FNDA:0,(anonymous_1)
FNDA:0,(anonymous_2)
FNDA:0,(anonymous_3)
FNDA:0,(anonymous_4)
FNDA:0,(anonymous_5)
DA:20,0
DA:21,0
DA:22,0
DA:23,0
DA:24,0
DA:25,0
DA:26,0
DA:27,0
DA:29,0
DA:30,0
DA:31,0
DA:32,0
DA:35,0
DA:36,0
DA:37,0
DA:38,0
DA:40,0
DA:42,0
DA:46,0
DA:48,0
DA:57,0
DA:100,0
DA:111,0
DA:117,0
LF:24
LH:0
BRDA:30,0,0,0
BRDA:30,0,1,0
BRDA:30,1,0,0
BRDA:30,1,1,0
BRDA:40,2,0,0
BRDA:40,2,1,0
BRDA:51,3,0,0
BRDA:51,3,1,0
BRDA:89,4,0,0
BRDA:89,4,1,0
BRDA:94,5,0,0
BRDA:94,5,1,0
BRF:12
BRH:0
end_of_record
TN:
SF:app\(auth)\register.tsx
FN:19,RegisterScreen
FN:31,(anonymous_1)
FN:69,(anonymous_2)
FN:129,(anonymous_3)
FN:140,(anonymous_4)
FN:146,(anonymous_5)
FNF:6
FNH:0
FNDA:0,RegisterScreen
FNDA:0,(anonymous_1)
FNDA:0,(anonymous_2)
FNDA:0,(anonymous_3)
FNDA:0,(anonymous_4)
FNDA:0,(anonymous_5)
DA:20,0
DA:21,0
DA:22,0
DA:23,0
DA:24,0
DA:25,0
DA:26,0
DA:27,0
DA:28,0
DA:29,0
DA:31,0
DA:32,0
DA:33,0
DA:34,0
DA:37,0
DA:38,0
DA:39,0
DA:42,0
DA:43,0
DA:44,0
DA:47,0
DA:48,0
DA:49,0
DA:50,0
DA:52,0
DA:54,0
DA:58,0
DA:60,0
DA:69,0
DA:129,0
DA:140,0
DA:146,0
LF:32
LH:0
BRDA:32,0,0,0
BRDA:32,0,1,0
BRDA:32,1,0,0
BRDA:32,1,1,0
BRDA:32,1,2,0
BRDA:32,1,3,0
BRDA:37,2,0,0
BRDA:37,2,1,0
BRDA:42,3,0,0
BRDA:42,3,1,0
BRDA:52,4,0,0
BRDA:52,4,1,0
BRDA:63,5,0,0
BRDA:63,5,1,0
BRDA:118,6,0,0
BRDA:118,6,1,0
BRDA:123,7,0,0
BRDA:123,7,1,0
BRF:18
BRH:0
end_of_record
TN:
SF:app\(tabs)\_layout.tsx
FN:7,TabLayout
FN:12,(anonymous_1)
FN:56,(anonymous_2)
FN:65,(anonymous_3)
FN:74,(anonymous_4)
FN:83,(anonymous_5)
FN:92,(anonymous_6)
FN:101,(anonymous_7)
FNF:8
FNH:0
FNDA:0,TabLayout
FNDA:0,(anonymous_1)
FNDA:0,(anonymous_2)
FNDA:0,(anonymous_3)
FNDA:0,(anonymous_4)
FNDA:0,(anonymous_5)
FNDA:0,(anonymous_6)
FNDA:0,(anonymous_7)
DA:8,0
DA:9,0
DA:12,0
DA:13,0
DA:14,0
DA:15,0
DA:17,0
DA:18,0
DA:23,0
DA:24,0
DA:36,0
DA:57,0
DA:66,0
DA:75,0
DA:84,0
DA:93,0
DA:102,0
LF:17
LH:0
BRDA:15,0,0,0
BRDA:15,0,1,0
BRDA:15,1,0,0
BRDA:15,1,1,0
BRDA:23,2,0,0
BRDA:23,2,1,0
BRF:6
BRH:0
end_of_record
TN:
SF:app\(tabs)\community.tsx
FN:16,CommunityScreen
FN:28,(anonymous_1)
FN:75,(anonymous_2)
FN:87,(anonymous_3)
FN:122,(anonymous_4)
FNF:5
FNH:0
FNDA:0,CommunityScreen
FNDA:0,(anonymous_1)
FNDA:0,(anonymous_2)
FNDA:0,(anonymous_3)
FNDA:0,(anonymous_4)
DA:17,0
DA:18,0
DA:19,0
DA:20,0
DA:22,0
DA:24,0
DA:25,0
DA:28,0
DA:29,0
DA:31,0
DA:33,0
DA:35,0
DA:37,0
DA:39,0
DA:41,0
DA:43,0
DA:47,0
DA:56,0
DA:76,0
DA:77,0
DA:79,0
DA:87,0
DA:122,0
LF:23
LH:0
BRDA:24,0,0,0
BRDA:24,0,1,0
BRDA:29,1,0,0
BRDA:29,1,1,0
BRDA:29,1,2,0
BRDA:29,1,3,0
BRDA:29,1,4,0
BRDA:29,1,5,0
BRDA:29,1,6,0
BRDA:84,2,0,0
BRDA:84,2,1,0
BRDA:85,3,0,0
BRDA:85,3,1,0
BRDA:91,4,0,0
BRDA:91,4,1,0
BRDA:95,5,0,0
BRDA:95,5,1,0
BRDA:100,6,0,0
BRDA:100,6,1,0
BRDA:101,7,0,0
BRDA:101,7,1,0
BRDA:105,8,0,0
BRDA:105,8,1,0
BRF:23
BRH:0
end_of_record
TN:
SF:app\(tabs)\gamification.tsx
FN:15,GamificationScreen
FN:23,(anonymous_1)
FN:26,(anonymous_2)
FN:32,(anonymous_3)
FN:89,(anonymous_4)
FNF:5
FNH:0
FNDA:0,GamificationScreen
FNDA:0,(anonymous_1)
FNDA:0,(anonymous_2)
FNDA:0,(anonymous_3)
FNDA:0,(anonymous_4)
DA:16,0
DA:17,0
DA:18,0
DA:19,0
DA:21,0
DA:23,0
DA:24,0
DA:26,0
DA:32,0
DA:33,0
DA:35,0
DA:43,0
DA:45,0
DA:47,0
DA:51,0
DA:89,0
LF:16
LH:0
BRDA:25,0,0,0
BRDA:25,0,1,0
BRDA:33,1,0,0
BRDA:33,1,1,0
BRDA:33,1,2,0
BRDA:33,1,3,0
BRDA:53,2,0,0
BRDA:53,2,1,0
BRDA:63,3,0,0
BRDA:63,3,1,0
BRDA:68,4,0,0
BRDA:68,4,1,0
BRDA:73,5,0,0
BRDA:73,5,1,0
BRF:14
BRH:0
end_of_record
TN:
SF:app\(tabs)\index.tsx
FN:17,HomeScreen
FN:25,(anonymous_1)
FN:27,(anonymous_2)
FN:32,(anonymous_3)
FN:58,(anonymous_4)
FN:106,(anonymous_5)
FN:115,(anonymous_6)
FNF:7
FNH:0
FNDA:0,HomeScreen
FNDA:0,(anonymous_1)
FNDA:0,(anonymous_2)
FNDA:0,(anonymous_3)
FNDA:0,(anonymous_4)
FNDA:0,(anonymous_5)
FNDA:0,(anonymous_6)
DA:18,0
DA:19,0
DA:20,0
DA:21,0
DA:22,0
DA:23,0
DA:25,0
DA:26,0
DA:27,0
DA:28,0
DA:32,0
DA:33,0
DA:36,0
DA:37,0
DA:38,0
DA:41,0
DA:55,0
DA:58,0
DA:59,0
DA:62,0
DA:63,0
DA:64,0
DA:67,0
DA:70,0
DA:72,0
DA:106,0
DA:115,0
LF:27
LH:0
BRDA:26,0,0,0
BRDA:26,0,1,0
BRDA:33,1,0,0
BRDA:33,1,1,0
BRDA:36,2,0,0
BRDA:36,2,1,0
BRDA:51,3,0,0
BRDA:51,3,1,0
BRDA:59,4,0,0
BRDA:59,4,1,0
BRDA:62,5,0,0
BRDA:62,5,1,0
BRDA:75,6,0,0
BRDA:75,6,1,0
BRDA:80,7,0,0
BRDA:80,7,1,0
BRDA:82,8,0,0
BRDA:82,8,1,0
BRDA:82,9,0,0
BRDA:82,9,1,0
BRDA:86,10,0,0
BRDA:86,10,1,0
BRF:22
BRH:0
end_of_record
TN:
SF:app\(tabs)\library.tsx
FN:24,Library
FN:49,(anonymous_1)
FN:50,(anonymous_2)
FN:60,(anonymous_3)
FN:61,(anonymous_4)
FN:71,(anonymous_5)
FN:73,(anonymous_6)
FN:92,(anonymous_7)
FN:116,(anonymous_8)
FN:141,(anonymous_9)
FN:146,(anonymous_10)
FN:163,(anonymous_11)
FN:167,(anonymous_12)
FN:172,(anonymous_13)
FN:179,(anonymous_14)
FN:190,(anonymous_15)
FN:193,(anonymous_16)
FN:201,(anonymous_17)
FN:208,(anonymous_18)
FN:212,(anonymous_19)
FN:230,(anonymous_20)
FN:252,(anonymous_21)
FN:270,(anonymous_22)
FN:288,(anonymous_23)
FN:306,(anonymous_24)
FN:324,(anonymous_25)
FN:353,(anonymous_26)
FN:373,(anonymous_27)
FN:376,(anonymous_28)
FN:386,(anonymous_29)
FN:397,(anonymous_30)
FN:441,(anonymous_31)
FN:442,(anonymous_32)
FN:460,(anonymous_33)
FN:466,(anonymous_34)
FN:508,(anonymous_35)
FN:530,(anonymous_36)
FN:534,(anonymous_37)
FN:555,(anonymous_38)
FN:566,(anonymous_39)
FN:573,(anonymous_40)
FN:592,(anonymous_41)
FN:596,(anonymous_42)
FN:599,(anonymous_43)
FN:603,(anonymous_44)
FN:614,(anonymous_45)
FN:633,(anonymous_46)
FN:639,(anonymous_47)
FN:648,(anonymous_48)
FNF:49
FNH:0
FNDA:0,Library
FNDA:0,(anonymous_1)
FNDA:0,(anonymous_2)
FNDA:0,(anonymous_3)
FNDA:0,(anonymous_4)
FNDA:0,(anonymous_5)
FNDA:0,(anonymous_6)
FNDA:0,(anonymous_7)
FNDA:0,(anonymous_8)
FNDA:0,(anonymous_9)
FNDA:0,(anonymous_10)
FNDA:0,(anonymous_11)
FNDA:0,(anonymous_12)
FNDA:0,(anonymous_13)
FNDA:0,(anonymous_14)
FNDA:0,(anonymous_15)
FNDA:0,(anonymous_16)
FNDA:0,(anonymous_17)
FNDA:0,(anonymous_18)
FNDA:0,(anonymous_19)
FNDA:0,(anonymous_20)
FNDA:0,(anonymous_21)
FNDA:0,(anonymous_22)
FNDA:0,(anonymous_23)
FNDA:0,(anonymous_24)
FNDA:0,(anonymous_25)
FNDA:0,(anonymous_26)
FNDA:0,(anonymous_27)
FNDA:0,(anonymous_28)
FNDA:0,(anonymous_29)
FNDA:0,(anonymous_30)
FNDA:0,(anonymous_31)
FNDA:0,(anonymous_32)
FNDA:0,(anonymous_33)
FNDA:0,(anonymous_34)
FNDA:0,(anonymous_35)
FNDA:0,(anonymous_36)
FNDA:0,(anonymous_37)
FNDA:0,(anonymous_38)
FNDA:0,(anonymous_39)
FNDA:0,(anonymous_40)
FNDA:0,(anonymous_41)
FNDA:0,(anonymous_42)
FNDA:0,(anonymous_43)
FNDA:0,(anonymous_44)
FNDA:0,(anonymous_45)
FNDA:0,(anonymous_46)
FNDA:0,(anonymous_47)
FNDA:0,(anonymous_48)
DA:25,0
DA:26,0
DA:27,0
DA:28,0
DA:29,0
DA:30,0
DA:32,0
DA:33,0
DA:34,0
DA:35,0
DA:36,0
DA:37,0
DA:38,0
DA:39,0
DA:40,0
DA:41,0
DA:42,0
DA:45,0
DA:46,0
DA:49,0
DA:50,0
DA:52,0
DA:53,0
DA:56,0
DA:60,0
DA:61,0
DA:62,0
DA:63,0
DA:64,0
DA:69,0
DA:71,0
DA:73,0
DA:74,0
DA:75,0
DA:77,0
DA:89,0
DA:92,0
DA:93,0
DA:94,0
DA:96,0
DA:112,0
DA:113,0
DA:116,0
DA:117,0
DA:118,0
DA:120,0
DA:135,0
DA:137,0
DA:138,0
DA:141,0
DA:142,0
DA:143,0
DA:146,0
DA:147,0
DA:149,0
DA:159,0
DA:160,0
DA:163,0
DA:164,0
DA:167,0
DA:168,0
DA:172,0
DA:173,0
DA:174,0
DA:179,0
DA:181,0
DA:182,0
DA:183,0
DA:184,0
DA:185,0
DA:190,0
DA:191,0
DA:192,0
DA:193,0
DA:194,0
DA:195,0
DA:201,0
DA:202,0
DA:203,0
DA:204,0
DA:205,0
DA:208,0
DA:209,0
DA:212,0
DA:218,0
DA:220,0
DA:230,0
DA:253,0
DA:254,0
DA:255,0
DA:256,0
DA:257,0
DA:271,0
DA:272,0
DA:273,0
DA:274,0
DA:275,0
DA:289,0
DA:290,0
DA:291,0
DA:292,0
DA:293,0
DA:307,0
DA:308,0
DA:309,0
DA:310,0
DA:311,0
DA:325,0
DA:326,0
DA:327,0
DA:328,0
DA:329,0
DA:354,0
DA:355,0
DA:356,0
DA:357,0
DA:358,0
DA:361,0
DA:362,0
DA:364,0
DA:373,0
DA:376,0
DA:386,0
DA:398,0
DA:399,0
DA:442,0
DA:443,0
DA:460,0
DA:466,0
DA:509,0
DA:510,0
DA:535,0
DA:536,0
DA:555,0
DA:567,0
DA:573,0
DA:593,0
DA:597,0
DA:600,0
DA:603,0
DA:615,0
DA:616,0
DA:633,0
DA:639,0
DA:646,0
DA:648,0
LF:146
LH:0
BRDA:46,0,0,0
BRDA:46,0,1,0
BRDA:63,1,0,0
BRDA:63,1,1,0
BRDA:69,2,0,0
BRDA:69,2,1,0
BRDA:74,3,0,0
BRDA:74,3,1,0
BRDA:93,4,0,0
BRDA:93,4,1,0
BRDA:117,5,0,0
BRDA:117,5,1,0
BRDA:130,6,0,0
BRDA:130,6,1,0
BRDA:147,7,0,0
BRDA:147,7,1,0
BRDA:155,8,0,0
BRDA:155,8,1,0
BRDA:156,9,0,0
BRDA:156,9,1,0
BRDA:167,10,0,0
BRDA:167,10,1,0
BRDA:173,11,0,0
BRDA:173,11,1,0
BRDA:185,12,0,0
BRDA:185,12,1,0
BRDA:185,13,0,0
BRDA:185,13,1,0
BRDA:185,14,0,0
BRDA:185,14,1,0
BRDA:192,15,0,0
BRDA:192,15,1,0
BRDA:194,16,0,0
BRDA:194,16,1,0
BRDA:215,17,0,0
BRDA:215,17,1,0
BRDA:222,18,0,0
BRDA:222,18,1,0
BRDA:251,19,0,0
BRDA:251,19,1,0
BRDA:251,19,2,0
BRDA:261,20,0,0
BRDA:261,20,1,0
BRDA:265,21,0,0
BRDA:265,21,1,0
BRDA:265,22,0,0
BRDA:265,22,1,0
BRDA:269,23,0,0
BRDA:269,23,1,0
BRDA:269,23,2,0
BRDA:269,23,3,0
BRDA:269,23,4,0
BRDA:279,24,0,0
BRDA:279,24,1,0
BRDA:279,24,2,0
BRDA:279,24,3,0
BRDA:283,25,0,0
BRDA:283,25,1,0
BRDA:283,26,0,0
BRDA:283,26,1,0
BRDA:283,26,2,0
BRDA:283,26,3,0
BRDA:287,27,0,0
BRDA:287,27,1,0
BRDA:301,28,0,0
BRDA:301,28,1,0
BRDA:305,29,0,0
BRDA:305,29,1,0
BRDA:319,30,0,0
BRDA:319,30,1,0
BRDA:323,31,0,0
BRDA:323,31,1,0
BRDA:337,32,0,0
BRDA:337,32,1,0
BRDA:342,33,0,0
BRDA:342,33,1,0
BRDA:361,34,0,0
BRDA:361,34,1,0
BRDA:373,35,0,0
BRDA:373,35,1,0
BRDA:373,36,0,0
BRDA:373,36,1,0
BRDA:376,37,0,0
BRDA:376,37,1,0
BRDA:377,38,0,0
BRDA:377,38,1,0
BRDA:385,39,0,0
BRDA:385,39,1,0
BRDA:385,40,0,0
BRDA:385,40,1,0
BRDA:386,41,0,0
BRDA:386,41,1,0
BRDA:438,42,0,0
BRDA:438,42,1,0
BRDA:447,43,0,0
BRDA:447,43,1,0
BRDA:455,44,0,0
BRDA:455,44,1,0
BRDA:479,45,0,0
BRDA:479,45,1,0
BRDA:480,46,0,0
BRDA:480,46,1,0
BRDA:486,47,0,0
BRDA:486,47,1,0
BRDA:528,48,0,0
BRDA:528,48,1,0
BRDA:539,49,0,0
BRDA:539,49,1,0
BRDA:541,50,0,0
BRDA:541,50,1,0
BRDA:553,51,0,0
BRDA:553,51,1,0
BRDA:560,52,0,0
BRDA:560,52,1,0
BRDA:571,53,0,0
BRDA:571,53,1,0
BRDA:578,54,0,0
BRDA:578,54,1,0
BRDA:618,55,0,0
BRDA:618,55,1,0
BRDA:619,56,0,0
BRDA:619,56,1,0
BRDA:625,57,0,0
BRDA:625,57,1,0
BRDA:640,58,0,0
BRDA:640,58,1,0
BRDA:1151,59,0,0
BRDA:1151,59,1,0
BRDA:1152,60,0,0
BRDA:1152,60,1,0
BRDA:1347,61,0,0
BRDA:1347,61,1,0
BRDA:1348,62,0,0
BRDA:1348,62,1,0
BRDA:1456,63,0,0
BRDA:1456,63,1,0
BRDA:1460,64,0,0
BRDA:1460,64,1,0
BRF:138
BRH:0
end_of_record
TN:
SF:app\(tabs)\settings.tsx
FN:69,MoreScreen
FN:99,(anonymous_1)
FN:108,(anonymous_2)
FN:109,(anonymous_3)
FN:125,(anonymous_4)
FN:139,(anonymous_5)
FN:171,(anonymous_6)
FN:182,(anonymous_7)
FN:189,(anonymous_8)
FN:198,(anonymous_9)
FN:207,(anonymous_10)
FN:211,(anonymous_11)
FN:215,(anonymous_12)
FN:219,(anonymous_13)
FN:223,(anonymous_14)
FN:227,(anonymous_15)
FN:236,(anonymous_16)
FN:242,(anonymous_17)
FN:263,(anonymous_18)
FN:285,(anonymous_19)
FN:290,(anonymous_20)
FN:291,(anonymous_21)
FN:328,(anonymous_22)
FN:345,(anonymous_23)
FN:348,(anonymous_24)
FN:439,(anonymous_25)
FN:471,(anonymous_26)
FN:521,(anonymous_27)
FN:527,(anonymous_28)
FN:533,(anonymous_29)
FN:575,(anonymous_30)
FN:606,(anonymous_31)
FN:612,(anonymous_32)
FN:644,(anonymous_33)
FN:650,(anonymous_34)
FN:656,(anonymous_35)
FN:690,(anonymous_36)
FN:695,(anonymous_37)
FN:700,(anonymous_38)
FN:705,(anonymous_39)
FN:715,(anonymous_40)
FN:738,(anonymous_41)
FN:758,(anonymous_42)
FN:778,(anonymous_43)
FN:795,(anonymous_44)
FNF:45
FNH:0
FNDA:0,MoreScreen
FNDA:0,(anonymous_1)
FNDA:0,(anonymous_2)
FNDA:0,(anonymous_3)
FNDA:0,(anonymous_4)
FNDA:0,(anonymous_5)
FNDA:0,(anonymous_6)
FNDA:0,(anonymous_7)
FNDA:0,(anonymous_8)
FNDA:0,(anonymous_9)
FNDA:0,(anonymous_10)
FNDA:0,(anonymous_11)
FNDA:0,(anonymous_12)
FNDA:0,(anonymous_13)
FNDA:0,(anonymous_14)
FNDA:0,(anonymous_15)
FNDA:0,(anonymous_16)
FNDA:0,(anonymous_17)
FNDA:0,(anonymous_18)
FNDA:0,(anonymous_19)
FNDA:0,(anonymous_20)
FNDA:0,(anonymous_21)
FNDA:0,(anonymous_22)
FNDA:0,(anonymous_23)
FNDA:0,(anonymous_24)
FNDA:0,(anonymous_25)
FNDA:0,(anonymous_26)
FNDA:0,(anonymous_27)
FNDA:0,(anonymous_28)
FNDA:0,(anonymous_29)
FNDA:0,(anonymous_30)
FNDA:0,(anonymous_31)
FNDA:0,(anonymous_32)
FNDA:0,(anonymous_33)
FNDA:0,(anonymous_34)
FNDA:0,(anonymous_35)
FNDA:0,(anonymous_36)
FNDA:0,(anonymous_37)
FNDA:0,(anonymous_38)
FNDA:0,(anonymous_39)
FNDA:0,(anonymous_40)
FNDA:0,(anonymous_41)
FNDA:0,(anonymous_42)
FNDA:0,(anonymous_43)
FNDA:0,(anonymous_44)
DA:70,0
DA:71,0
DA:72,0
DA:73,0
DA:74,0
DA:75,0
DA:79,0
DA:80,0
DA:81,0
DA:82,0
DA:83,0
DA:84,0
DA:85,0
DA:86,0
DA:87,0
DA:88,0
DA:89,0
DA:92,0
DA:93,0
DA:94,0
DA:96,0
DA:99,0
DA:100,0
DA:101,0
DA:103,0
DA:108,0
DA:109,0
DA:110,0
DA:111,0
DA:112,0
DA:113,0
DA:114,0
DA:115,0
DA:118,0
DA:121,0
DA:125,0
DA:126,0
DA:127,0
DA:128,0
DA:130,0
DA:132,0
DA:140,0
DA:141,0
DA:144,0
DA:155,0
DA:156,0
DA:158,0
DA:165,0
DA:166,0
DA:171,0
DA:172,0
DA:173,0
DA:175,0
DA:182,0
DA:189,0
DA:190,0
DA:199,0
DA:200,0
DA:207,0
DA:208,0
DA:211,0
DA:212,0
DA:215,0
DA:216,0
DA:219,0
DA:220,0
DA:223,0
DA:224,0
DA:227,0
DA:228,0
DA:236,0
DA:242,0
DA:243,0
DA:245,0
DA:248,0
DA:249,0
DA:250,0
DA:251,0
DA:252,0
DA:255,0
DA:263,0
DA:285,0
DA:290,0
DA:292,0
DA:293,0
DA:294,0
DA:311,0
DA:328,0
DA:345,0
DA:348,0
DA:388,0
DA:389,0
DA:390,0
DA:392,0
DA:398,0
DA:399,0
DA:405,0
DA:414,0
DA:415,0
DA:424,0
DA:439,0
DA:471,0
DA:521,0
DA:527,0
DA:533,0
DA:575,0
DA:606,0
DA:612,0
DA:644,0
DA:650,0
DA:656,0
DA:690,0
DA:695,0
DA:700,0
DA:705,0
DA:715,0
DA:738,0
DA:758,0
DA:778,0
DA:795,0
LF:120
LH:0
BRDA:100,0,0,0
BRDA:100,0,1,0
BRDA:111,1,0,0
BRDA:111,1,1,0
BRDA:114,2,0,0
BRDA:114,2,1,0
BRDA:127,3,0,0
BRDA:127,3,1,0
BRDA:130,4,0,0
BRDA:130,4,1,0
BRDA:172,5,0,0
BRDA:172,5,1,0
BRDA:271,6,0,0
BRDA:271,6,1,0
BRDA:272,7,0,0
BRDA:272,7,1,0
BRDA:274,8,0,0
BRDA:274,8,1,0
BRDA:275,9,0,0
BRDA:275,9,1,0
BRDA:276,10,0,0
BRDA:276,10,1,0
BRDA:277,11,0,0
BRDA:277,11,1,0
BRDA:278,12,0,0
BRDA:278,12,1,0
BRDA:286,13,0,0
BRDA:286,13,1,0
BRDA:287,14,0,0
BRDA:287,14,1,0
BRDA:290,15,0,0
BRDA:290,15,1,0
BRDA:295,16,0,0
BRDA:295,16,1,0
BRDA:296,17,0,0
BRDA:296,17,1,0
BRDA:297,18,0,0
BRDA:297,18,1,0
BRDA:298,19,0,0
BRDA:298,19,1,0
BRDA:299,20,0,0
BRDA:299,20,1,0
BRDA:300,21,0,0
BRDA:300,21,1,0
BRDA:301,22,0,0
BRDA:301,22,1,0
BRDA:302,23,0,0
BRDA:302,23,1,0
BRDA:304,24,0,0
BRDA:304,24,1,0
BRDA:305,25,0,0
BRDA:305,25,1,0
BRDA:306,26,0,0
BRDA:306,26,1,0
BRDA:308,27,0,0
BRDA:308,27,1,0
BRDA:321,28,0,0
BRDA:321,28,1,0
BRDA:322,29,0,0
BRDA:322,29,1,0
BRDA:324,30,0,0
BRDA:324,30,1,0
BRDA:325,31,0,0
BRDA:325,31,1,0
BRDA:326,32,0,0
BRDA:326,32,1,0
BRDA:334,33,0,0
BRDA:334,33,1,0
BRDA:336,34,0,0
BRDA:336,34,1,0
BRDA:337,35,0,0
BRDA:337,35,1,0
BRDA:346,36,0,0
BRDA:346,36,1,0
BRDA:352,37,0,0
BRDA:352,37,1,0
BRDA:356,38,0,0
BRDA:356,38,1,0
BRDA:361,39,0,0
BRDA:361,39,1,0
BRDA:362,40,0,0
BRDA:362,40,1,0
BRDA:365,41,0,0
BRDA:365,41,1,0
BRDA:366,42,0,0
BRDA:366,42,1,0
BRDA:367,43,0,0
BRDA:367,43,1,0
BRDA:373,44,0,0
BRDA:373,44,1,0
BRDA:374,45,0,0
BRDA:374,45,1,0
BRDA:398,46,0,0
BRDA:398,46,1,0
BRDA:426,47,0,0
BRDA:426,47,1,0
BRDA:429,48,0,0
BRDA:429,48,1,0
BRDA:454,49,0,0
BRDA:454,49,1,0
BRDA:457,50,0,0
BRDA:457,50,1,0
BRDA:468,51,0,0
BRDA:468,51,1,0
BRDA:546,52,0,0
BRDA:546,52,1,0
BRDA:557,53,0,0
BRDA:557,53,1,0
BRDA:571,54,0,0
BRDA:571,54,1,0
BRDA:594,55,0,0
BRDA:594,55,1,0
BRDA:598,56,0,0
BRDA:598,56,1,0
BRDA:708,57,0,0
BRDA:708,57,1,0
BRDA:731,58,0,0
BRDA:731,58,1,0
BRDA:751,59,0,0
BRDA:751,59,1,0
BRDA:771,60,0,0
BRDA:771,60,1,0
BRF:122
BRH:0
end_of_record
TN:
SF:app\(tabs)\stats.tsx
FN:39,StatsScreen
FN:83,(anonymous_1)
FN:84,(anonymous_2)
FN:106,(anonymous_3)
FN:107,(anonymous_4)
FN:145,(anonymous_5)
FN:160,(anonymous_6)
FN:163,(anonymous_7)
FN:172,(anonymous_8)
FN:190,(anonymous_9)
FN:194,(anonymous_10)
FN:203,(anonymous_11)
FN:207,(anonymous_12)
FN:212,(anonymous_13)
FN:221,(anonymous_14)
FN:228,(anonymous_15)
FN:250,(anonymous_16)
FN:255,(anonymous_17)
FN:261,(anonymous_18)
FN:270,(anonymous_19)
FN:288,(anonymous_20)
FN:300,(anonymous_21)
FN:330,(anonymous_22)
FN:343,(anonymous_23)
FN:350,(anonymous_24)
FN:362,(anonymous_25)
FN:370,(anonymous_26)
FN:374,(anonymous_27)
FN:378,(anonymous_28)
FN:385,(anonymous_29)
FN:389,(anonymous_30)
FN:405,(anonymous_31)
FN:409,(anonymous_32)
FN:415,(anonymous_33)
FN:420,(anonymous_34)
FN:426,(anonymous_35)
FN:452,(anonymous_36)
FN:459,(anonymous_37)
FN:466,(anonymous_38)
FN:473,(anonymous_39)
FN:480,(anonymous_40)
FN:515,(anonymous_41)
FN:518,(anonymous_42)
FN:535,(anonymous_43)
FN:549,(anonymous_44)
FN:581,(anonymous_45)
FN:593,(anonymous_46)
FN:615,(anonymous_47)
FN:616,(anonymous_48)
FN:624,(anonymous_49)
FN:660,(anonymous_50)
FN:668,(anonymous_51)
FN:675,(anonymous_52)
FN:693,(anonymous_53)
FN:701,(anonymous_54)
FN:728,(anonymous_55)
FN:769,(anonymous_56)
FN:802,(anonymous_57)
FN:914,(anonymous_58)
FN:943,(anonymous_59)
FN:946,(anonymous_60)
FN:965,(anonymous_61)
FN:988,(anonymous_62)
FN:1069,(anonymous_63)
FN:1090,(anonymous_64)
FN:1404,(anonymous_65)
FN:1457,(anonymous_66)
FN:1466,(anonymous_67)
FN:1477,(anonymous_68)
FN:1481,(anonymous_69)
FN:1502,(anonymous_70)
FN:1510,(anonymous_71)
FN:1522,(anonymous_72)
FN:1524,(anonymous_73)
FN:1530,(anonymous_74)
FN:1534,(anonymous_75)
FN:1536,(anonymous_76)
FN:1545,(anonymous_77)
FN:1565,(anonymous_78)
FN:1566,(anonymous_79)
FN:1569,(anonymous_80)
FNF:81
FNH:0
FNDA:0,StatsScreen
FNDA:0,(anonymous_1)
FNDA:0,(anonymous_2)
FNDA:0,(anonymous_3)
FNDA:0,(anonymous_4)
FNDA:0,(anonymous_5)
FNDA:0,(anonymous_6)
FNDA:0,(anonymous_7)
FNDA:0,(anonymous_8)
FNDA:0,(anonymous_9)
FNDA:0,(anonymous_10)
FNDA:0,(anonymous_11)
FNDA:0,(anonymous_12)
FNDA:0,(anonymous_13)
FNDA:0,(anonymous_14)
FNDA:0,(anonymous_15)
FNDA:0,(anonymous_16)
FNDA:0,(anonymous_17)
FNDA:0,(anonymous_18)
FNDA:0,(anonymous_19)
FNDA:0,(anonymous_20)
FNDA:0,(anonymous_21)
FNDA:0,(anonymous_22)
FNDA:0,(anonymous_23)
FNDA:0,(anonymous_24)
FNDA:0,(anonymous_25)
FNDA:0,(anonymous_26)
FNDA:0,(anonymous_27)
FNDA:0,(anonymous_28)
FNDA:0,(anonymous_29)
FNDA:0,(anonymous_30)
FNDA:0,(anonymous_31)
FNDA:0,(anonymous_32)
FNDA:0,(anonymous_33)
FNDA:0,(anonymous_34)
FNDA:0,(anonymous_35)
FNDA:0,(anonymous_36)
FNDA:0,(anonymous_37)
FNDA:0,(anonymous_38)
FNDA:0,(anonymous_39)
FNDA:0,(anonymous_40)
FNDA:0,(anonymous_41)
FNDA:0,(anonymous_42)
FNDA:0,(anonymous_43)
FNDA:0,(anonymous_44)
FNDA:0,(anonymous_45)
FNDA:0,(anonymous_46)
FNDA:0,(anonymous_47)
FNDA:0,(anonymous_48)
FNDA:0,(anonymous_49)
FNDA:0,(anonymous_50)
FNDA:0,(anonymous_51)
FNDA:0,(anonymous_52)
FNDA:0,(anonymous_53)
FNDA:0,(anonymous_54)
FNDA:0,(anonymous_55)
FNDA:0,(anonymous_56)
FNDA:0,(anonymous_57)
FNDA:0,(anonymous_58)
FNDA:0,(anonymous_59)
FNDA:0,(anonymous_60)
FNDA:0,(anonymous_61)
FNDA:0,(anonymous_62)
FNDA:0,(anonymous_63)
FNDA:0,(anonymous_64)
FNDA:0,(anonymous_65)
FNDA:0,(anonymous_66)
FNDA:0,(anonymous_67)
FNDA:0,(anonymous_68)
FNDA:0,(anonymous_69)
FNDA:0,(anonymous_70)
FNDA:0,(anonymous_71)
FNDA:0,(anonymous_72)
FNDA:0,(anonymous_73)
FNDA:0,(anonymous_74)
FNDA:0,(anonymous_75)
FNDA:0,(anonymous_76)
FNDA:0,(anonymous_77)
FNDA:0,(anonymous_78)
FNDA:0,(anonymous_79)
FNDA:0,(anonymous_80)
DA:40,0
DA:41,0
DA:42,0
DA:52,0
DA:54,0
DA:55,0
DA:56,0
DA:57,0
DA:58,0
DA:59,0
DA:60,0
DA:61,0
DA:64,0
DA:65,0
DA:66,0
DA:71,0
DA:72,0
DA:73,0
DA:74,0
DA:75,0
DA:83,0
DA:84,0
DA:85,0
DA:86,0
DA:91,0
DA:92,0
DA:93,0
DA:95,0
DA:96,0
DA:97,0
DA:98,0
DA:102,0
DA:106,0
DA:107,0
DA:108,0
DA:109,0
DA:110,0
DA:112,0
DA:120,0
DA:129,0
DA:130,0
DA:132,0
DA:133,0
DA:134,0
DA:136,0
DA:141,0
DA:145,0
DA:146,0
DA:147,0
DA:160,0
DA:163,0
DA:166,0
DA:167,0
DA:168,0
DA:171,0
DA:172,0
DA:175,0
DA:177,0
DA:190,0
DA:191,0
DA:194,0
DA:195,0
DA:196,0
DA:199,0
DA:203,0
DA:204,0
DA:206,0
DA:209,0
DA:210,0
DA:212,0
DA:213,0
DA:214,0
DA:217,0
DA:218,0
DA:221,0
DA:222,0
DA:223,0
DA:224,0
DA:225,0
DA:228,0
DA:229,0
DA:230,0
DA:231,0
DA:232,0
DA:233,0
DA:234,0
DA:237,0
DA:238,0
DA:239,0
DA:241,0
DA:250,0
DA:255,0
DA:256,0
DA:258,0
DA:259,0
DA:261,0
DA:262,0
DA:265,0
DA:266,0
DA:267,0
DA:268,0
DA:270,0
DA:271,0
DA:273,0
DA:280,0
DA:288,0
DA:289,0
DA:296,0
DA:300,0
DA:301,0
DA:302,0
DA:303,0
DA:306,0
DA:307,0
DA:308,0
DA:309,0
DA:312,0
DA:320,0
DA:321,0
DA:323,0
DA:325,0
DA:326,0
DA:330,0
DA:331,0
DA:332,0
DA:333,0
DA:334,0
DA:335,0
DA:336,0
DA:337,0
DA:338,0
DA:339,0
DA:341,0
DA:342,0
DA:343,0
DA:344,0
DA:347,0
DA:350,0
DA:351,0
DA:352,0
DA:357,0
DA:362,0
DA:363,0
DA:370,0
DA:374,0
DA:378,0
DA:385,0
DA:386,0
DA:389,0
DA:390,0
DA:391,0
DA:396,0
DA:405,0
DA:406,0
DA:409,0
DA:410,0
DA:411,0
DA:412,0
DA:415,0
DA:416,0
DA:417,0
DA:420,0
DA:422,0
DA:426,0
DA:427,0
DA:428,0
DA:439,0
DA:440,0
DA:443,0
DA:446,0
DA:450,0
DA:451,0
DA:452,0
DA:454,0
DA:457,0
DA:458,0
DA:459,0
DA:461,0
DA:464,0
DA:465,0
DA:466,0
DA:468,0
DA:471,0
DA:472,0
DA:473,0
DA:475,0
DA:478,0
DA:479,0
DA:480,0
DA:482,0
DA:484,0
DA:515,0
DA:518,0
DA:519,0
DA:535,0
DA:536,0
DA:541,0
DA:549,0
DA:550,0
DA:578,0
DA:582,0
DA:583,0
DA:585,0
DA:593,0
DA:615,0
DA:616,0
DA:617,0
DA:618,0
DA:619,0
DA:620,0
DA:624,0
DA:625,0
DA:626,0
DA:628,0
DA:631,0
DA:660,0
DA:661,0
DA:668,0
DA:669,0
DA:671,0
DA:675,0
DA:694,0
DA:695,0
DA:697,0
DA:702,0
DA:703,0
DA:728,0
DA:729,0
DA:769,0
DA:770,0
DA:802,0
DA:803,0
DA:805,0
DA:915,0
DA:944,0
DA:947,0
DA:966,0
DA:1069,0
DA:1079,0
DA:1090,0
DA:1100,0
DA:1354,0
DA:1386,0
DA:1400,0
DA:1404,0
DA:1406,0
DA:1407,0
DA:1408,0
DA:1411,0
DA:1412,0
DA:1413,0
DA:1416,0
DA:1419,0
DA:1457,0
DA:1466,0
DA:1478,0
DA:1481,0
DA:1502,0
DA:1503,0
DA:1504,0
DA:1505,0
DA:1508,0
DA:1509,0
DA:1510,0
DA:1512,0
DA:1519,0
DA:1522,0
DA:1523,0
DA:1524,0
DA:1525,0
DA:1526,0
DA:1530,0
DA:1531,0
DA:1532,0
DA:1534,0
DA:1536,0
DA:1537,0
DA:1541,0
DA:1542,0
DA:1543,0
DA:1545,0
DA:1546,0
DA:1548,0
DA:1550,0
DA:1552,0
DA:1555,0
DA:1556,0
DA:1559,0
DA:1562,0
DA:1565,0
DA:1566,0
DA:1569,0
LF:292
LH:0
BRDA:91,0,0,0
BRDA:91,0,1,0
BRDA:92,1,0,0
BRDA:92,1,1,0
BRDA:108,2,0,0
BRDA:108,2,1,0
BRDA:146,3,0,0
BRDA:146,3,1,0
BRDA:146,4,0,0
BRDA:146,4,1,0
BRDA:163,5,0,0
BRDA:163,5,1,0
BRDA:191,6,0,0
BRDA:191,6,1,0
BRDA:191,7,0,0
BRDA:191,7,1,0
BRDA:195,8,0,0
BRDA:195,8,1,0
BRDA:204,9,0,0
BRDA:204,9,1,0
BRDA:204,10,0,0
BRDA:204,10,1,0
BRDA:218,11,0,0
BRDA:218,11,1,0
BRDA:234,12,0,0
BRDA:234,12,1,0
BRDA:238,13,0,0
BRDA:238,13,1,0
BRDA:239,14,0,0
BRDA:239,14,1,0
BRDA:242,15,0,0
BRDA:242,15,1,0
BRDA:245,16,0,0
BRDA:245,16,1,0
BRDA:246,17,0,0
BRDA:246,17,1,0
BRDA:256,18,0,0
BRDA:256,18,1,0
BRDA:256,19,0,0
BRDA:256,19,1,0
BRDA:271,20,0,0
BRDA:271,20,1,0
BRDA:301,21,0,0
BRDA:301,21,1,0
BRDA:307,22,0,0
BRDA:307,22,1,0
BRDA:308,23,0,0
BRDA:308,23,1,0
BRDA:309,24,0,0
BRDA:309,24,1,0
BRDA:427,25,0,0
BRDA:427,25,1,0
BRDA:427,26,0,0
BRDA:427,26,1,0
BRDA:443,27,0,0
BRDA:443,27,1,0
BRDA:446,28,0,0
BRDA:446,28,1,0
BRDA:447,29,0,0
BRDA:447,29,1,0
BRDA:450,30,0,0
BRDA:450,30,1,0
BRDA:451,31,0,0
BRDA:451,31,1,0
BRDA:454,32,0,0
BRDA:454,32,1,0
BRDA:457,33,0,0
BRDA:457,33,1,0
BRDA:458,34,0,0
BRDA:458,34,1,0
BRDA:461,35,0,0
BRDA:461,35,1,0
BRDA:464,36,0,0
BRDA:464,36,1,0
BRDA:465,37,0,0
BRDA:465,37,1,0
BRDA:468,38,0,0
BRDA:468,38,1,0
BRDA:471,39,0,0
BRDA:471,39,1,0
BRDA:472,40,0,0
BRDA:472,40,1,0
BRDA:475,41,0,0
BRDA:475,41,1,0
BRDA:478,42,0,0
BRDA:478,42,1,0
BRDA:479,43,0,0
BRDA:479,43,1,0
BRDA:482,44,0,0
BRDA:482,44,1,0
BRDA:489,45,0,0
BRDA:489,45,1,0
BRDA:489,46,0,0
BRDA:489,46,1,0
BRDA:494,47,0,0
BRDA:494,47,1,0
BRDA:494,48,0,0
BRDA:494,48,1,0
BRDA:499,49,0,0
BRDA:499,49,1,0
BRDA:499,50,0,0
BRDA:499,50,1,0
BRDA:504,51,0,0
BRDA:504,51,1,0
BRDA:504,52,0,0
BRDA:504,52,1,0
BRDA:509,53,0,0
BRDA:509,53,1,0
BRDA:509,54,0,0
BRDA:509,54,1,0
BRDA:536,55,0,0
BRDA:536,55,1,0
BRDA:537,56,0,0
BRDA:537,56,1,0
BRDA:538,57,0,0
BRDA:538,57,1,0
BRDA:590,58,0,0
BRDA:590,58,1,0
BRDA:591,59,0,0
BRDA:591,59,1,0
BRDA:597,60,0,0
BRDA:597,60,1,0
BRDA:601,61,0,0
BRDA:601,61,1,0
BRDA:604,62,0,0
BRDA:604,62,1,0
BRDA:617,63,0,0
BRDA:617,63,1,0
BRDA:617,64,0,0
BRDA:617,64,1,0
BRDA:618,65,0,0
BRDA:618,65,1,0
BRDA:618,66,0,0
BRDA:618,66,1,0
BRDA:619,67,0,0
BRDA:619,67,1,0
BRDA:619,68,0,0
BRDA:619,68,1,0
BRDA:625,69,0,0
BRDA:625,69,1,0
BRDA:635,70,0,0
BRDA:635,70,1,0
BRDA:635,70,2,0
BRDA:645,71,0,0
BRDA:645,71,1,0
BRDA:669,72,0,0
BRDA:669,72,1,0
BRDA:687,73,0,0
BRDA:687,73,1,0
BRDA:691,74,0,0
BRDA:691,74,1,0
BRDA:700,75,0,0
BRDA:700,75,1,0
BRDA:708,76,0,0
BRDA:708,76,1,0
BRDA:711,77,0,0
BRDA:711,77,1,0
BRDA:716,78,0,0
BRDA:716,78,1,0
BRDA:774,79,0,0
BRDA:774,79,1,0
BRDA:777,80,0,0
BRDA:777,80,1,0
BRDA:780,81,0,0
BRDA:780,81,1,0
BRDA:781,82,0,0
BRDA:781,82,1,0
BRDA:781,83,0,0
BRDA:781,83,1,0
BRDA:791,84,0,0
BRDA:791,84,1,0
BRDA:803,85,0,0
BRDA:803,85,1,0
BRDA:803,85,2,0
BRDA:803,85,3,0
BRDA:803,85,4,0
BRDA:803,85,5,0
BRDA:903,86,0,0
BRDA:903,86,1,0
BRDA:914,87,0,0
BRDA:914,87,1,0
BRDA:924,88,0,0
BRDA:924,88,1,0
BRDA:925,89,0,0
BRDA:925,89,1,0
BRDA:926,90,0,0
BRDA:926,90,1,0
BRDA:952,91,0,0
BRDA:952,91,1,0
BRDA:955,92,0,0
BRDA:955,92,1,0
BRDA:987,93,0,0
BRDA:987,93,1,0
BRDA:995,94,0,0
BRDA:995,94,1,0
BRDA:999,95,0,0
BRDA:999,95,1,0
BRDA:1003,96,0,0
BRDA:1003,96,1,0
BRDA:1021,97,0,0
BRDA:1021,97,1,0
BRDA:1048,98,0,0
BRDA:1048,98,1,0
BRDA:1054,99,0,0
BRDA:1054,99,1,0
BRDA:1083,100,0,0
BRDA:1083,100,1,0
BRDA:1102,101,0,0
BRDA:1102,101,1,0
BRDA:1104,102,0,0
BRDA:1104,102,1,0
BRDA:1128,103,0,0
BRDA:1128,103,1,0
BRDA:1128,104,0,0
BRDA:1128,104,1,0
BRDA:1129,105,0,0
BRDA:1129,105,1,0
BRDA:1130,106,0,0
BRDA:1130,106,1,0
BRDA:1200,107,0,0
BRDA:1200,107,1,0
BRDA:1200,108,0,0
BRDA:1200,108,1,0
BRDA:1201,109,0,0
BRDA:1201,109,1,0
BRDA:1202,110,0,0
BRDA:1202,110,1,0
BRDA:1213,111,0,0
BRDA:1213,111,1,0
BRDA:1213,112,0,0
BRDA:1213,112,1,0
BRDA:1214,113,0,0
BRDA:1214,113,1,0
BRDA:1215,114,0,0
BRDA:1215,114,1,0
BRDA:1226,115,0,0
BRDA:1226,115,1,0
BRDA:1226,116,0,0
BRDA:1226,116,1,0
BRDA:1227,117,0,0
BRDA:1227,117,1,0
BRDA:1228,118,0,0
BRDA:1228,118,1,0
BRDA:1239,119,0,0
BRDA:1239,119,1,0
BRDA:1239,120,0,0
BRDA:1239,120,1,0
BRDA:1240,121,0,0
BRDA:1240,121,1,0
BRDA:1241,122,0,0
BRDA:1241,122,1,0
BRDA:1310,123,0,0
BRDA:1310,123,1,0
BRDA:1317,124,0,0
BRDA:1317,124,1,0
BRDA:1324,125,0,0
BRDA:1324,125,1,0
BRDA:1331,126,0,0
BRDA:1331,126,1,0
BRDA:1338,127,0,0
BRDA:1338,127,1,0
BRDA:1366,128,0,0
BRDA:1366,128,1,0
BRDA:1406,129,0,0
BRDA:1406,129,1,0
BRDA:1406,130,0,0
BRDA:1406,130,1,0
BRDA:1411,131,0,0
BRDA:1411,131,1,0
BRDA:1411,132,0,0
BRDA:1411,132,1,0
BRDA:1421,133,0,0
BRDA:1421,133,1,0
BRDA:1461,134,0,0
BRDA:1461,134,1,0
BRDA:1548,135,0,0
BRDA:1548,135,1,0
BRDA:1548,136,0,0
BRDA:1548,136,1,0
BRF:279
BRH:0
end_of_record
TN:
SF:app\course\[id].tsx
FN:40,CourseDetailScreen
FN:57,(anonymous_1)
FN:61,(anonymous_2)
FN:76,(anonymous_3)
FN:83,(anonymous_4)
FN:104,(anonymous_5)
FN:108,(anonymous_6)
FN:115,(anonymous_7)
FN:129,(anonymous_8)
FN:134,(anonymous_9)
FN:145,(anonymous_10)
FN:160,(anonymous_11)
FN:180,(anonymous_12)
FN:192,(anonymous_13)
FN:240,(anonymous_14)
FN:248,(anonymous_15)
FN:281,(anonymous_16)
FN:296,(anonymous_17)
FN:310,(anonymous_18)
FNF:19
FNH:0
FNDA:0,CourseDetailScreen
FNDA:0,(anonymous_1)
FNDA:0,(anonymous_2)
FNDA:0,(anonymous_3)
FNDA:0,(anonymous_4)
FNDA:0,(anonymous_5)
FNDA:0,(anonymous_6)
FNDA:0,(anonymous_7)
FNDA:0,(anonymous_8)
FNDA:0,(anonymous_9)
FNDA:0,(anonymous_10)
FNDA:0,(anonymous_11)
FNDA:0,(anonymous_12)
FNDA:0,(anonymous_13)
FNDA:0,(anonymous_14)
FNDA:0,(anonymous_15)
FNDA:0,(anonymous_16)
FNDA:0,(anonymous_17)
FNDA:0,(anonymous_18)
DA:41,0
DA:42,0
DA:43,0
DA:44,0
DA:45,0
DA:46,0
DA:48,0
DA:49,0
DA:50,0
DA:51,0
DA:52,0
DA:53,0
DA:55,0
DA:57,0
DA:58,0
DA:61,0
DA:62,0
DA:64,0
DA:65,0
DA:66,0
DA:71,0
DA:72,0
DA:73,0
DA:76,0
DA:77,0
DA:78,0
DA:79,0
DA:82,0
DA:83,0
DA:84,0
DA:85,0
DA:87,0
DA:90,0
DA:93,0
DA:97,0
DA:98,0
DA:100,0
DA:104,0
DA:105,0
DA:108,0
DA:109,0
DA:111,0
DA:112,0
DA:115,0
DA:118,0
DA:119,0
DA:120,0
DA:121,0
DA:124,0
DA:125,0
DA:126,0
DA:129,0
DA:134,0
DA:135,0
DA:136,0
DA:140,0
DA:141,0
DA:145,0
DA:146,0
DA:148,0
DA:150,0
DA:152,0
DA:154,0
DA:156,0
DA:160,0
DA:161,0
DA:164,0
DA:165,0
DA:175,0
DA:176,0
DA:180,0
DA:188,0
DA:192,0
DA:241,0
DA:248,0
DA:281,0
DA:297,0
DA:310,0
LF:78
LH:0
BRDA:62,0,0,0
BRDA:62,0,1,0
BRDA:62,1,0,0
BRDA:62,1,1,0
BRDA:71,2,0,0
BRDA:71,2,1,0
BRDA:73,3,0,0
BRDA:73,3,1,0
BRDA:77,4,0,0
BRDA:77,4,1,0
BRDA:78,5,0,0
BRDA:78,5,1,0
BRDA:79,6,0,0
BRDA:79,6,1,0
BRDA:82,7,0,0
BRDA:82,7,1,0
BRDA:84,8,0,0
BRDA:84,8,1,0
BRDA:87,9,0,0
BRDA:87,9,1,0
BRDA:90,10,0,0
BRDA:90,10,1,0
BRDA:93,11,0,0
BRDA:93,11,1,0
BRDA:109,12,0,0
BRDA:109,12,1,0
BRDA:109,13,0,0
BRDA:109,13,1,0
BRDA:124,14,0,0
BRDA:124,14,1,0
BRDA:135,15,0,0
BRDA:135,15,1,0
BRDA:146,16,0,0
BRDA:146,16,1,0
BRDA:146,16,2,0
BRDA:146,16,3,0
BRDA:146,16,4,0
BRDA:164,17,0,0
BRDA:164,17,1,0
BRDA:175,18,0,0
BRDA:175,18,1,0
BRDA:245,19,0,0
BRDA:245,19,1,0
BRDA:246,20,0,0
BRDA:246,20,1,0
BRDA:260,21,0,0
BRDA:260,21,1,0
BRDA:272,22,0,0
BRDA:272,22,1,0
BRDA:278,23,0,0
BRDA:278,23,1,0
BRDA:292,24,0,0
BRDA:292,24,1,0
BRDA:292,24,2,0
BRF:54
BRH:0
end_of_record
TN:
SF:app\habit\[id].tsx
FN:22,HabitDetailScreen
FN:52,(anonymous_1)
FN:79,(anonymous_2)
FN:80,(anonymous_3)
FN:82,(anonymous_4)
FN:89,(anonymous_5)
FN:93,(anonymous_6)
FN:97,(anonymous_7)
FN:101,(anonymous_8)
FN:108,(anonymous_9)
FN:124,(anonymous_10)
FN:134,(anonymous_11)
FN:154,(anonymous_12)
FN:173,(anonymous_13)
FN:245,(anonymous_14)
FN:270,(anonymous_15)
FN:277,(anonymous_16)
FN:292,(anonymous_17)
FN:328,(anonymous_18)
FNF:19
FNH:0
FNDA:0,HabitDetailScreen
FNDA:0,(anonymous_1)
FNDA:0,(anonymous_2)
FNDA:0,(anonymous_3)
FNDA:0,(anonymous_4)
FNDA:0,(anonymous_5)
FNDA:0,(anonymous_6)
FNDA:0,(anonymous_7)
FNDA:0,(anonymous_8)
FNDA:0,(anonymous_9)
FNDA:0,(anonymous_10)
FNDA:0,(anonymous_11)
FNDA:0,(anonymous_12)
FNDA:0,(anonymous_13)
FNDA:0,(anonymous_14)
FNDA:0,(anonymous_15)
FNDA:0,(anonymous_16)
FNDA:0,(anonymous_17)
FNDA:0,(anonymous_18)
DA:23,0
DA:24,0
DA:25,0
DA:26,0
DA:27,0
DA:29,0
DA:31,0
DA:32,0
DA:33,0
DA:34,0
DA:35,0
DA:40,0
DA:42,0
DA:52,0
DA:53,0
DA:55,0
DA:56,0
DA:57,0
DA:60,0
DA:61,0
DA:62,0
DA:65,0
DA:76,0
DA:79,0
DA:80,0
DA:81,0
DA:82,0
DA:84,0
DA:89,0
DA:90,0
DA:93,0
DA:94,0
DA:97,0
DA:98,0
DA:101,0
DA:102,0
DA:103,0
DA:104,0
DA:108,0
DA:109,0
DA:110,0
DA:112,0
DA:114,0
DA:117,0
DA:118,0
DA:119,0
DA:120,0
DA:124,0
DA:125,0
DA:126,0
DA:135,0
DA:136,0
DA:143,0
DA:145,0
DA:146,0
DA:154,0
DA:163,0
DA:173,0
DA:245,0
DA:271,0
DA:277,0
DA:292,0
DA:328,0
LF:63
LH:0
BRDA:31,0,0,0
BRDA:31,0,1,0
BRDA:32,1,0,0
BRDA:32,1,1,0
BRDA:33,2,0,0
BRDA:33,2,1,0
BRDA:34,3,0,0
BRDA:34,3,1,0
BRDA:36,4,0,0
BRDA:36,4,1,0
BRDA:53,5,0,0
BRDA:53,5,1,0
BRDA:55,6,0,0
BRDA:55,6,1,0
BRDA:60,7,0,0
BRDA:60,7,1,0
BRDA:60,8,0,0
BRDA:60,8,1,0
BRDA:70,9,0,0
BRDA:70,9,1,0
BRDA:71,10,0,0
BRDA:71,10,1,0
BRDA:81,11,0,0
BRDA:81,11,1,0
BRDA:103,12,0,0
BRDA:103,12,1,0
BRDA:112,13,0,0
BRDA:112,13,1,0
BRDA:117,14,0,0
BRDA:117,14,1,0
BRDA:119,15,0,0
BRDA:119,15,1,0
BRDA:125,16,0,0
BRDA:125,16,1,0
BRDA:145,17,0,0
BRDA:145,17,1,0
BRDA:166,18,0,0
BRDA:166,18,1,0
BRDA:168,19,0,0
BRDA:168,19,1,0
BRDA:237,20,0,0
BRDA:237,20,1,0
BRDA:241,21,0,0
BRDA:241,21,1,0
BRDA:275,22,0,0
BRDA:275,22,1,0
BRDA:281,23,0,0
BRDA:281,23,1,0
BRDA:290,24,0,0
BRDA:290,24,1,0
BRDA:313,25,0,0
BRDA:313,25,1,0
BRF:52
BRH:0
end_of_record
TN:
SF:app\mood-tracking\_layout.tsx
FN:3,MoodTrackingLayout
FNF:1
FNH:0
FNDA:0,MoodTrackingLayout
DA:4,0
LF:1
LH:0
BRF:0
BRH:0
end_of_record
TN:
SF:app\mood-tracking\detailed.tsx
FN:33,DetailedMoodTrackingScreen
FN:50,(anonymous_1)
FN:55,(anonymous_2)
FN:63,(anonymous_3)
FN:64,(anonymous_4)
FN:66,(anonymous_5)
FN:71,(anonymous_6)
FN:87,(anonymous_7)
FN:88,(anonymous_8)
FN:103,(anonymous_9)
FN:129,(anonymous_10)
FN:136,(anonymous_11)
FN:166,(anonymous_12)
FN:169,(anonymous_13)
FN:190,(anonymous_14)
FN:191,(anonymous_15)
FN:209,(anonymous_16)
FN:234,(anonymous_17)
FN:243,(anonymous_18)
FN:319,(anonymous_19)
FNF:20
FNH:0
FNDA:0,DetailedMoodTrackingScreen
FNDA:0,(anonymous_1)
FNDA:0,(anonymous_2)
FNDA:0,(anonymous_3)
FNDA:0,(anonymous_4)
FNDA:0,(anonymous_5)
FNDA:0,(anonymous_6)
FNDA:0,(anonymous_7)
FNDA:0,(anonymous_8)
FNDA:0,(anonymous_9)
FNDA:0,(anonymous_10)
FNDA:0,(anonymous_11)
FNDA:0,(anonymous_12)
FNDA:0,(anonymous_13)
FNDA:0,(anonymous_14)
FNDA:0,(anonymous_15)
FNDA:0,(anonymous_16)
FNDA:0,(anonymous_17)
FNDA:0,(anonymous_18)
FNDA:0,(anonymous_19)
DA:13,0
DA:23,0
DA:34,0
DA:35,0
DA:36,0
DA:37,0
DA:38,0
DA:41,0
DA:42,0
DA:43,0
DA:44,0
DA:45,0
DA:46,0
DA:48,0
DA:50,0
DA:51,0
DA:52,0
DA:55,0
DA:56,0
DA:57,0
DA:58,0
DA:59,0
DA:60,0
DA:63,0
DA:64,0
DA:65,0
DA:66,0
DA:71,0
DA:72,0
DA:74,0
DA:75,0
DA:76,0
DA:83,0
DA:85,0
DA:87,0
DA:88,0
DA:91,0
DA:93,0
DA:97,0
DA:103,0
DA:130,0
DA:137,0
DA:166,0
DA:169,0
DA:191,0
DA:192,0
DA:193,0
DA:195,0
DA:209,0
DA:235,0
DA:236,0
DA:243,0
DA:319,0
LF:53
LH:0
BRDA:65,0,0,0
BRDA:65,0,1,0
BRDA:72,1,0,0
BRDA:72,1,1,0
BRDA:79,2,0,0
BRDA:79,2,1,0
BRDA:80,3,0,0
BRDA:80,3,1,0
BRDA:87,4,0,0
BRDA:87,4,1,0
BRDA:118,5,0,0
BRDA:118,5,1,0
BRDA:169,6,0,0
BRDA:169,6,1,0
BRDA:200,7,0,0
BRDA:200,7,1,0
BRDA:204,8,0,0
BRDA:204,8,1,0
BRDA:204,8,2,0
BRDA:213,9,0,0
BRDA:213,9,1,0
BRDA:241,10,0,0
BRDA:241,10,1,0
BRDA:247,11,0,0
BRDA:247,11,1,0
BRDA:253,12,0,0
BRDA:253,12,1,0
BRDA:257,13,0,0
BRDA:257,13,1,0
BRDA:299,14,0,0
BRDA:299,14,1,0
BRDA:306,15,0,0
BRDA:306,15,1,0
BRF:33
BRH:0
end_of_record
TN:
SF:app\settings\_layout.tsx
FN:4,SettingsLayout
FNF:1
FNH:0
FNDA:0,SettingsLayout
DA:5,0
DA:7,0
LF:2
LH:0
BRF:0
BRH:0
end_of_record
TN:
SF:app\settings\change-password.tsx
FN:21,ChangePasswordScreen
FN:36,(anonymous_1)
FN:60,(anonymous_2)
FN:75,(anonymous_3)
FN:99,(anonymous_4)
FN:124,(anonymous_5)
FN:150,(anonymous_6)
FN:177,(anonymous_7)
FNF:8
FNH:0
FNDA:0,ChangePasswordScreen
FNDA:0,(anonymous_1)
FNDA:0,(anonymous_2)
FNDA:0,(anonymous_3)
FNDA:0,(anonymous_4)
FNDA:0,(anonymous_5)
FNDA:0,(anonymous_6)
FNDA:0,(anonymous_7)
DA:22,0
DA:23,0
DA:24,0
DA:25,0
DA:26,0
DA:27,0
DA:28,0
DA:29,0
DA:30,0
DA:31,0
DA:32,0
DA:34,0
DA:36,0
DA:37,0
DA:38,0
DA:39,0
DA:42,0
DA:43,0
DA:44,0
DA:47,0
DA:48,0
DA:49,0
DA:52,0
DA:53,0
DA:55,0
DA:57,0
DA:60,0
DA:63,0
DA:65,0
DA:69,0
DA:75,0
DA:99,0
DA:124,0
DA:150,0
DA:177,0
LF:35
LH:0
BRDA:37,0,0,0
BRDA:37,0,1,0
BRDA:37,1,0,0
BRDA:37,1,1,0
BRDA:37,1,2,0
BRDA:42,2,0,0
BRDA:42,2,1,0
BRDA:47,3,0,0
BRDA:47,3,1,0
BRDA:63,4,0,0
BRDA:63,4,1,0
BRDA:71,5,0,0
BRDA:71,5,1,0
BRDA:83,6,0,0
BRDA:83,6,1,0
BRDA:102,7,0,0
BRDA:102,7,1,0
BRDA:127,8,0,0
BRDA:127,8,1,0
BRDA:153,9,0,0
BRDA:153,9,1,0
BRDA:163,10,0,0
BRDA:163,10,1,0
BRDA:168,11,0,0
BRDA:168,11,1,0
BRF:25
BRH:0
end_of_record
TN:
SF:app\settings\delete-account.tsx
FN:21,DeleteAccountScreen
FN:32,(anonymous_1)
FN:46,(anonymous_2)
FN:58,(anonymous_3)
FN:77,(anonymous_4)
FN:119,(anonymous_5)
FN:126,(anonymous_6)
FN:151,(anonymous_7)
FN:179,(anonymous_8)
FN:190,(anonymous_9)
FNF:10
FNH:0
FNDA:0,DeleteAccountScreen
FNDA:0,(anonymous_1)
FNDA:0,(anonymous_2)
FNDA:0,(anonymous_3)
FNDA:0,(anonymous_4)
FNDA:0,(anonymous_5)
FNDA:0,(anonymous_6)
FNDA:0,(anonymous_7)
FNDA:0,(anonymous_8)
FNDA:0,(anonymous_9)
DA:22,0
DA:23,0
DA:24,0
DA:25,0
DA:26,0
DA:27,0
DA:28,0
DA:30,0
DA:32,0
DA:33,0
DA:34,0
DA:35,0
DA:38,0
DA:47,0
DA:48,0
DA:50,0
DA:52,0
DA:59,0
DA:60,0
DA:66,0
DA:67,0
DA:69,0
DA:77,0
DA:78,0
DA:119,0
DA:126,0
DA:127,0
DA:151,0
DA:173,0
DA:179,0
DA:190,0
LF:31
LH:0
BRDA:33,0,0,0
BRDA:33,0,1,0
BRDA:67,1,0,0
BRDA:67,1,1,0
BRDA:159,2,0,0
BRDA:159,2,1,0
BRDA:160,3,0,0
BRDA:160,3,1,0
BRDA:163,4,0,0
BRDA:163,4,1,0
BRDA:166,5,0,0
BRDA:166,5,1,0
BRDA:175,6,0,0
BRDA:175,6,1,0
BRDA:185,7,0,0
BRDA:185,7,1,0
BRF:16
BRH:0
end_of_record
TN:
SF:app\settings\linked-accounts.tsx
FN:19,LinkedAccountsScreen
FN:31,(anonymous_1)
FN:35,(anonymous_2)
FN:48,(anonymous_3)
FN:58,(anonymous_4)
FN:67,(anonymous_5)
FN:89,(anonymous_6)
FN:103,(anonymous_7)
FN:136,(anonymous_8)
FNF:9
FNH:0
FNDA:0,LinkedAccountsScreen
FNDA:0,(anonymous_1)
FNDA:0,(anonymous_2)
FNDA:0,(anonymous_3)
FNDA:0,(anonymous_4)
FNDA:0,(anonymous_5)
FNDA:0,(anonymous_6)
FNDA:0,(anonymous_7)
FNDA:0,(anonymous_8)
DA:20,0
DA:21,0
DA:22,0
DA:23,0
DA:24,0
DA:25,0
DA:26,0
DA:28,0
DA:31,0
DA:32,0
DA:35,0
DA:36,0
DA:37,0
DA:38,0
DA:39,0
DA:41,0
DA:42,0
DA:44,0
DA:48,0
DA:49,0
DA:50,0
DA:51,0
DA:52,0
DA:55,0
DA:57,0
DA:58,0
DA:59,0
DA:61,0
DA:63,0
DA:67,0
DA:68,0
DA:89,0
DA:97,0
DA:103,0
DA:136,0
LF:35
LH:0
BRDA:51,0,0,0
BRDA:51,0,1,0
BRDA:57,1,0,0
BRDA:57,1,1,0
BRDA:61,2,0,0
BRDA:61,2,1,0
BRDA:72,3,0,0
BRDA:72,3,1,0
BRDA:78,4,0,0
BRDA:78,4,1,0
BRDA:81,5,0,0
BRDA:81,5,1,0
BRDA:99,6,0,0
BRDA:99,6,1,0
BRF:14
BRH:0
end_of_record
TN:
SF:app\settings\notification-preferences.tsx
FN:27,NotificationPreferencesScreen
FN:84,(anonymous_1)
FN:87,(anonymous_2)
FN:106,(anonymous_3)
FN:107,(anonymous_4)
FN:120,(anonymous_5)
FN:131,(anonymous_6)
FN:142,(anonymous_7)
FN:150,(anonymous_8)
FN:158,(anonymous_9)
FN:172,(anonymous_10)
FN:183,(anonymous_11)
FN:207,(anonymous_12)
FNF:13
FNH:0
FNDA:0,NotificationPreferencesScreen
FNDA:0,(anonymous_1)
FNDA:0,(anonymous_2)
FNDA:0,(anonymous_3)
FNDA:0,(anonymous_4)
FNDA:0,(anonymous_5)
FNDA:0,(anonymous_6)
FNDA:0,(anonymous_7)
FNDA:0,(anonymous_8)
FNDA:0,(anonymous_9)
FNDA:0,(anonymous_10)
FNDA:0,(anonymous_11)
FNDA:0,(anonymous_12)
DA:28,0
DA:29,0
DA:30,0
DA:31,0
DA:33,0
DA:78,0
DA:84,0
DA:85,0
DA:86,0
DA:87,0
DA:88,0
DA:93,0
DA:96,0
DA:99,0
DA:101,0
DA:106,0
DA:107,0
DA:108,0
DA:109,0
DA:110,0
DA:111,0
DA:114,0
DA:117,0
DA:120,0
DA:121,0
DA:123,0
DA:125,0
DA:127,0
DA:131,0
DA:132,0
DA:134,0
DA:136,0
DA:138,0
DA:142,0
DA:143,0
DA:144,0
DA:146,0
DA:147,0
DA:150,0
DA:151,0
DA:158,0
DA:166,0
DA:172,0
DA:184,0
DA:207,0
LF:45
LH:0
BRDA:88,0,0,0
BRDA:88,0,1,0
BRDA:110,1,0,0
BRDA:110,1,1,0
BRDA:121,2,0,0
BRDA:121,2,1,0
BRDA:121,2,2,0
BRDA:132,3,0,0
BRDA:132,3,1,0
BRDA:132,3,2,0
BRDA:143,4,0,0
BRDA:143,4,1,0
BRDA:168,5,0,0
BRDA:168,5,1,0
BRF:14
BRH:0
end_of_record
TN:
SF:app\settings\privacy-policy.tsx
FN:16,PrivacyPolicyScreen
FN:28,(anonymous_1)
FN:146,(anonymous_2)
FNF:3
FNH:0
FNDA:0,PrivacyPolicyScreen
FNDA:0,(anonymous_1)
FNDA:0,(anonymous_2)
DA:17,0
DA:18,0
DA:19,0
DA:20,0
DA:22,0
DA:28,0
DA:146,0
LF:7
LH:0
BRDA:24,0,0,0
BRDA:24,0,1,0
BRF:2
BRH:0
end_of_record
TN:
SF:app\settings\privacy-settings.tsx
FN:27,PrivacySettingsScreen
FN:95,(anonymous_1)
FN:99,(anonymous_2)
FN:104,(anonymous_3)
FN:105,(anonymous_4)
FN:106,(anonymous_5)
FN:116,(anonymous_6)
FN:124,(anonymous_7)
FN:136,(anonymous_8)
FN:139,(anonymous_9)
FN:149,(anonymous_10)
FN:160,(anonymous_11)
FN:193,(anonymous_12)
FN:197,(anonymous_13)
FN:201,(anonymous_14)
FN:214,(anonymous_15)
FN:218,(anonymous_16)
FN:226,(anonymous_17)
FN:234,(anonymous_18)
FN:248,(anonymous_19)
FN:255,(anonymous_20)
FN:287,(anonymous_21)
FNF:22
FNH:0
FNDA:0,PrivacySettingsScreen
FNDA:0,(anonymous_1)
FNDA:0,(anonymous_2)
FNDA:0,(anonymous_3)
FNDA:0,(anonymous_4)
FNDA:0,(anonymous_5)
FNDA:0,(anonymous_6)
FNDA:0,(anonymous_7)
FNDA:0,(anonymous_8)
FNDA:0,(anonymous_9)
FNDA:0,(anonymous_10)
FNDA:0,(anonymous_11)
FNDA:0,(anonymous_12)
FNDA:0,(anonymous_13)
FNDA:0,(anonymous_14)
FNDA:0,(anonymous_15)
FNDA:0,(anonymous_16)
FNDA:0,(anonymous_17)
FNDA:0,(anonymous_18)
FNDA:0,(anonymous_19)
FNDA:0,(anonymous_20)
FNDA:0,(anonymous_21)
DA:28,0
DA:29,0
DA:30,0
DA:31,0
DA:33,0
DA:92,0
DA:95,0
DA:96,0
DA:99,0
DA:100,0
DA:101,0
DA:102,0
DA:103,0
DA:104,0
DA:105,0
DA:106,0
DA:107,0
DA:112,0
DA:116,0
DA:117,0
DA:118,0
DA:121,0
DA:122,0
DA:124,0
DA:125,0
DA:126,0
DA:129,0
DA:131,0
DA:132,0
DA:136,0
DA:137,0
DA:138,0
DA:139,0
DA:140,0
DA:145,0
DA:146,0
DA:149,0
DA:152,0
DA:154,0
DA:156,0
DA:160,0
DA:161,0
DA:162,0
DA:164,0
DA:165,0
DA:167,0
DA:168,0
DA:170,0
DA:171,0
DA:173,0
DA:174,0
DA:176,0
DA:177,0
DA:179,0
DA:180,0
DA:182,0
DA:183,0
DA:185,0
DA:186,0
DA:189,0
DA:193,0
DA:194,0
DA:197,0
DA:198,0
DA:201,0
DA:202,0
DA:204,0
DA:206,0
DA:208,0
DA:210,0
DA:214,0
DA:215,0
DA:218,0
DA:219,0
DA:220,0
DA:222,0
DA:223,0
DA:226,0
DA:227,0
DA:234,0
DA:242,0
DA:248,0
DA:256,0
DA:287,0
DA:388,0
LF:85
LH:0
BRDA:102,0,0,0
BRDA:102,0,1,0
BRDA:107,1,0,0
BRDA:107,1,1,0
BRDA:122,2,0,0
BRDA:122,2,1,0
BRDA:140,3,0,0
BRDA:140,3,1,0
BRDA:162,4,0,0
BRDA:162,4,1,0
BRDA:162,4,2,0
BRDA:162,4,3,0
BRDA:162,4,4,0
BRDA:162,4,5,0
BRDA:162,4,6,0
BRDA:162,4,7,0
BRDA:202,5,0,0
BRDA:202,5,1,0
BRDA:202,5,2,0
BRDA:202,5,3,0
BRDA:219,6,0,0
BRDA:219,6,1,0
BRDA:244,7,0,0
BRDA:244,7,1,0
BRF:24
BRH:0
end_of_record
TN:
SF:app\settings\terms-of-service.tsx
FN:8,TermsOfServiceScreen
FN:76,(anonymous_1)
FN:100,(anonymous_2)
FN:102,(anonymous_3)
FN:113,(anonymous_4)
FN:115,(anonymous_5)
FN:126,(anonymous_6)
FN:128,(anonymous_7)
FNF:8
FNH:0
FNDA:0,TermsOfServiceScreen
FNDA:0,(anonymous_1)
FNDA:0,(anonymous_2)
FNDA:0,(anonymous_3)
FNDA:0,(anonymous_4)
FNDA:0,(anonymous_5)
FNDA:0,(anonymous_6)
FNDA:0,(anonymous_7)
DA:9,0
DA:10,0
DA:11,0
DA:13,0
DA:71,0
DA:76,0
DA:101,0
DA:102,0
DA:103,0
DA:114,0
DA:115,0
DA:116,0
DA:127,0
DA:128,0
DA:129,0
LF:15
LH:0
BRDA:102,0,0,0
BRDA:102,0,1,0
BRDA:115,1,0,0
BRDA:115,1,1,0
BRDA:128,2,0,0
BRDA:128,2,1,0
BRF:6
BRH:0
end_of_record
TN:
SF:components\AICoachingHub.tsx
FN:53,(anonymous_0)
FN:80,(anonymous_1)
FN:86,(anonymous_2)
FN:90,(anonymous_3)
FN:174,(anonymous_4)
FN:189,(anonymous_5)
FN:202,(anonymous_6)
FN:208,(anonymous_7)
FN:221,(anonymous_8)
FN:233,(anonymous_9)
FN:255,(anonymous_10)
FN:264,(anonymous_11)
FN:287,(anonymous_12)
FN:299,(anonymous_13)
FN:302,(anonymous_14)
FN:313,(anonymous_15)
FN:334,(anonymous_16)
FN:360,(anonymous_17)
FN:375,(anonymous_18)
FN:397,(anonymous_19)
FNF:20
FNH:0
FNDA:0,(anonymous_0)
FNDA:0,(anonymous_1)
FNDA:0,(anonymous_2)
FNDA:0,(anonymous_3)
FNDA:0,(anonymous_4)
FNDA:0,(anonymous_5)
FNDA:0,(anonymous_6)
FNDA:0,(anonymous_7)
FNDA:0,(anonymous_8)
FNDA:0,(anonymous_9)
FNDA:0,(anonymous_10)
FNDA:0,(anonymous_11)
FNDA:0,(anonymous_12)
FNDA:0,(anonymous_13)
FNDA:0,(anonymous_14)
FNDA:0,(anonymous_15)
FNDA:0,(anonymous_16)
FNDA:0,(anonymous_17)
FNDA:0,(anonymous_18)
FNDA:0,(anonymous_19)
DA:31,0
DA:53,0
DA:54,0
DA:55,0
DA:56,0
DA:59,0
DA:60,0
DA:68,0
DA:69,0
DA:75,0
DA:76,0
DA:77,0
DA:78,0
DA:80,0
DA:81,0
DA:82,0
DA:86,0
DA:87,0
DA:88,0
DA:90,0
DA:93,0
DA:124,0
DA:165,0
DA:166,0
DA:168,0
DA:170,0
DA:174,0
DA:175,0
DA:177,0
DA:179,0
DA:181,0
DA:183,0
DA:185,0
DA:189,0
DA:190,0
DA:192,0
DA:194,0
DA:196,0
DA:198,0
DA:202,0
DA:203,0
DA:204,0
DA:205,0
DA:208,0
DA:209,0
DA:222,0
DA:233,0
DA:255,0
DA:256,0
DA:265,0
DA:287,0
DA:299,0
DA:300,0
DA:302,0
DA:304,0
DA:314,0
DA:335,0
DA:360,0
DA:361,0
DA:375,0
DA:385,0
DA:386,0
DA:397,0
DA:408,0
DA:418,0
LF:65
LH:0
BRDA:59,0,0,0
BRDA:59,0,1,0
BRDA:59,1,0,0
BRDA:59,1,1,0
BRDA:68,2,0,0
BRDA:68,2,1,0
BRDA:68,3,0,0
BRDA:68,3,1,0
BRDA:81,4,0,0
BRDA:81,4,1,0
BRDA:175,5,0,0
BRDA:175,5,1,0
BRDA:175,5,2,0
BRDA:175,5,3,0
BRDA:175,5,4,0
BRDA:190,6,0,0
BRDA:190,6,1,0
BRDA:190,6,2,0
BRDA:190,6,3,0
BRDA:203,7,0,0
BRDA:203,7,1,0
BRDA:204,8,0,0
BRDA:204,8,1,0
BRDA:227,9,0,0
BRDA:227,9,1,0
BRDA:240,10,0,0
BRDA:240,10,1,0
BRDA:300,11,0,0
BRDA:300,11,1,0
BRDA:369,12,0,0
BRDA:369,12,1,0
BRDA:385,13,0,0
BRDA:385,13,1,0
BRF:33
BRH:0
end_of_record
TN:
SF:components\AIHabitSuggestions.tsx
FN:16,AIHabitSuggestions
FN:37,(anonymous_1)
FN:48,(anonymous_2)
FN:63,(anonymous_3)
FN:64,(anonymous_4)
FN:72,(anonymous_5)
FN:117,(anonymous_6)
FN:126,(anonymous_7)
FN:135,(anonymous_8)
FN:141,(anonymous_9)
FN:145,(anonymous_10)
FN:191,(anonymous_11)
FN:212,(anonymous_12)
FN:218,(anonymous_13)
FN:218,(anonymous_14)
FN:222,(anonymous_15)
FN:233,(anonymous_16)
FN:268,(anonymous_17)
FN:294,(anonymous_18)
FN:306,(anonymous_19)
FNF:20
FNH:0
FNDA:0,AIHabitSuggestions
FNDA:0,(anonymous_1)
FNDA:0,(anonymous_2)
FNDA:0,(anonymous_3)
FNDA:0,(anonymous_4)
FNDA:0,(anonymous_5)
FNDA:0,(anonymous_6)
FNDA:0,(anonymous_7)
FNDA:0,(anonymous_8)
FNDA:0,(anonymous_9)
FNDA:0,(anonymous_10)
FNDA:0,(anonymous_11)
FNDA:0,(anonymous_12)
FNDA:0,(anonymous_13)
FNDA:0,(anonymous_14)
FNDA:0,(anonymous_15)
FNDA:0,(anonymous_16)
FNDA:0,(anonymous_17)
FNDA:0,(anonymous_18)
FNDA:0,(anonymous_19)
DA:17,0
DA:18,0
DA:19,0
DA:20,0
DA:22,0
DA:23,0
DA:24,0
DA:25,0
DA:28,0
DA:29,0
DA:31,0
DA:32,0
DA:35,0
DA:37,0
DA:39,0
DA:40,0
DA:41,0
DA:45,0
DA:48,0
DA:51,0
DA:54,0
DA:55,0
DA:63,0
DA:64,0
DA:65,0
DA:66,0
DA:67,0
DA:72,0
DA:73,0
DA:74,0
DA:75,0
DA:76,0
DA:77,0
DA:81,0
DA:83,0
DA:89,0
DA:92,0
DA:95,0
DA:101,0
DA:104,0
DA:112,0
DA:113,0
DA:117,0
DA:118,0
DA:119,0
DA:120,0
DA:121,0
DA:122,0
DA:123,0
DA:126,0
DA:127,0
DA:128,0
DA:129,0
DA:130,0
DA:131,0
DA:132,0
DA:135,0
DA:136,0
DA:137,0
DA:138,0
DA:141,0
DA:142,0
DA:143,0
DA:145,0
DA:146,0
DA:148,0
DA:166,0
DA:169,0
DA:189,0
DA:191,0
DA:193,0
DA:212,0
DA:218,0
DA:219,0
DA:222,0
DA:234,0
DA:269,0
DA:294,0
DA:306,0
LF:79
LH:0
BRDA:29,0,0,0
BRDA:29,0,1,0
BRDA:31,1,0,0
BRDA:31,1,1,0
BRDA:31,2,0,0
BRDA:31,2,1,0
BRDA:39,3,0,0
BRDA:39,3,1,0
BRDA:75,4,0,0
BRDA:75,4,1,0
BRDA:81,5,0,0
BRDA:81,5,1,0
BRDA:118,6,0,0
BRDA:118,6,1,0
BRDA:119,7,0,0
BRDA:119,7,1,0
BRDA:120,8,0,0
BRDA:120,8,1,0
BRDA:121,9,0,0
BRDA:121,9,1,0
BRDA:122,10,0,0
BRDA:122,10,1,0
BRDA:127,11,0,0
BRDA:127,11,1,0
BRDA:128,12,0,0
BRDA:128,12,1,0
BRDA:129,13,0,0
BRDA:129,13,1,0
BRDA:130,14,0,0
BRDA:130,14,1,0
BRDA:131,15,0,0
BRDA:131,15,1,0
BRDA:136,16,0,0
BRDA:136,16,1,0
BRDA:137,17,0,0
BRDA:137,17,1,0
BRDA:146,18,0,0
BRDA:146,18,1,0
BRDA:174,19,0,0
BRDA:174,19,1,0
BRDA:179,20,0,0
BRDA:179,20,1,0
BRDA:189,21,0,0
BRDA:189,21,1,0
BRDA:199,22,0,0
BRDA:199,22,1,0
BRDA:211,23,0,0
BRDA:211,23,1,0
BRDA:214,24,0,0
BRDA:214,24,1,0
BRDA:221,25,0,0
BRDA:221,25,1,0
BRDA:224,26,0,0
BRDA:224,26,1,0
BRDA:253,27,0,0
BRDA:253,27,1,0
BRDA:276,28,0,0
BRDA:276,28,1,0
BRF:58
BRH:0
end_of_record
TN:
SF:components\AccessibilityExample.tsx
FN:5,AccessibilityExample
FN:9,(anonymous_1)
FNF:2
FNH:0
FNDA:0,AccessibilityExample
FNDA:0,(anonymous_1)
DA:6,0
DA:7,0
DA:9,0
DA:11,0
DA:12,0
DA:15,0
DA:52,0
LF:7
LH:0
BRDA:45,0,0,0
BRDA:45,0,1,0
BRF:2
BRH:0
end_of_record
TN:
SF:components\AccessibilityWrapper.tsx
FN:18,AccessibilityWrapper
FN:54,(anonymous_1)
FN:55,(anonymous_2)
FN:63,(anonymous_3)
FN:66,(anonymous_4)
FN:67,(anonymous_5)
FN:79,(anonymous_6)
FNF:7
FNH:1
FNDA:3,AccessibilityWrapper
FNDA:0,(anonymous_1)
FNDA:0,(anonymous_2)
FNDA:0,(anonymous_3)
FNDA:0,(anonymous_4)
FNDA:0,(anonymous_5)
FNDA:0,(anonymous_6)
DA:33,3
DA:54,1
DA:55,0
DA:56,0
DA:59,0
DA:63,1
DA:64,0
DA:66,0
DA:67,0
DA:68,0
DA:69,0
DA:72,0
DA:74,0
DA:79,0
DA:82,0
LF:15
LH:3
BRDA:19,0,0,3
BRDA:27,1,0,3
BRDA:28,2,0,3
BRF:3
BRH:3
end_of_record
TN:
SF:components\Achievements.tsx
FN:9,Achievements
FN:19,(anonymous_1)
FN:29,(anonymous_2)
FN:86,(anonymous_3)
FNF:4
FNH:0
FNDA:0,Achievements
FNDA:0,(anonymous_1)
FNDA:0,(anonymous_2)
FNDA:0,(anonymous_3)
DA:10,0
DA:11,0
DA:12,0
DA:14,0
DA:15,0
DA:17,0
DA:19,0
DA:20,0
DA:21,0
DA:22,0
DA:23,0
DA:24,0
DA:25,0
DA:29,0
DA:30,0
DA:31,0
DA:33,0
DA:69,0
DA:86,0
LF:19
LH:0
BRDA:15,0,0,0
BRDA:15,0,1,0
BRDA:20,1,0,0
BRDA:20,1,1,0
BRDA:20,1,2,0
BRDA:20,1,3,0
BRDA:20,1,4,0
BRDA:36,2,0,0
BRDA:36,2,1,0
BRDA:40,3,0,0
BRDA:40,3,1,0
BRDA:41,4,0,0
BRDA:41,4,1,0
BRDA:48,5,0,0
BRDA:48,5,1,0
BRDA:49,6,0,0
BRDA:49,6,1,0
BRDA:51,7,0,0
BRDA:51,7,1,0
BRDA:52,8,0,0
BRDA:52,8,1,0
BRF:21
BRH:0
end_of_record
TN:
SF:components\ActivityLog.tsx
FN:17,ActivityLog
FN:22,(anonymous_1)
FN:39,(anonymous_2)
FN:71,(anonymous_3)
FN:76,(anonymous_4)
FN:106,(anonymous_5)
FNF:6
FNH:0
FNDA:0,ActivityLog
FNDA:0,(anonymous_1)
FNDA:0,(anonymous_2)
FNDA:0,(anonymous_3)
FNDA:0,(anonymous_4)
FNDA:0,(anonymous_5)
DA:18,0
DA:19,0
DA:20,0
DA:22,0
DA:23,0
DA:25,0
DA:26,0
DA:29,0
DA:30,0
DA:31,0
DA:32,0
DA:33,0
DA:39,0
DA:41,0
DA:42,0
DA:53,0
DA:54,0
DA:55,0
DA:56,0
DA:57,0
DA:71,0
DA:74,0
DA:76,0
DA:77,0
DA:88,0
DA:106,0
LF:26
LH:0
BRDA:23,0,0,0
BRDA:23,0,1,0
BRDA:41,1,0,0
BRDA:41,1,1,0
BRDA:54,2,0,0
BRDA:54,2,1,0
BRDA:56,3,0,0
BRDA:56,3,1,0
BRDA:56,4,0,0
BRDA:56,4,1,0
BRDA:91,5,0,0
BRDA:91,5,1,0
BRF:12
BRH:0
end_of_record
TN:
SF:components\AdvancedAnalyticsDashboard.tsx
FN:68,(anonymous_0)
FN:89,(anonymous_1)
FN:96,(anonymous_2)
FN:115,(anonymous_3)
FN:126,(anonymous_4)
FN:139,(anonymous_5)
FN:143,(anonymous_6)
FN:149,(anonymous_7)
FN:164,(anonymous_8)
FN:168,(anonymous_9)
FN:176,(anonymous_10)
FN:182,(anonymous_11)
FN:193,(anonymous_12)
FN:197,(anonymous_13)
FN:200,(anonymous_14)
FN:217,(anonymous_15)
FN:218,(anonymous_16)
FN:229,(anonymous_17)
FN:234,(anonymous_18)
FN:238,(anonymous_19)
FN:239,(anonymous_20)
FN:247,(anonymous_21)
FN:259,(anonymous_22)
FN:269,(anonymous_23)
FN:278,(anonymous_24)
FN:289,(anonymous_25)
FN:301,(anonymous_26)
FN:321,(anonymous_27)
FN:407,(anonymous_28)
FN:424,(anonymous_29)
FN:473,(anonymous_30)
FN:495,(anonymous_31)
FN:527,(anonymous_32)
FN:548,(anonymous_33)
FN:585,(anonymous_34)
FNF:35
FNH:0
FNDA:0,(anonymous_0)
FNDA:0,(anonymous_1)
FNDA:0,(anonymous_2)
FNDA:0,(anonymous_3)
FNDA:0,(anonymous_4)
FNDA:0,(anonymous_5)
FNDA:0,(anonymous_6)
FNDA:0,(anonymous_7)
FNDA:0,(anonymous_8)
FNDA:0,(anonymous_9)
FNDA:0,(anonymous_10)
FNDA:0,(anonymous_11)
FNDA:0,(anonymous_12)
FNDA:0,(anonymous_13)
FNDA:0,(anonymous_14)
FNDA:0,(anonymous_15)
FNDA:0,(anonymous_16)
FNDA:0,(anonymous_17)
FNDA:0,(anonymous_18)
FNDA:0,(anonymous_19)
FNDA:0,(anonymous_20)
FNDA:0,(anonymous_21)
FNDA:0,(anonymous_22)
FNDA:0,(anonymous_23)
FNDA:0,(anonymous_24)
FNDA:0,(anonymous_25)
FNDA:0,(anonymous_26)
FNDA:0,(anonymous_27)
FNDA:0,(anonymous_28)
FNDA:0,(anonymous_29)
FNDA:0,(anonymous_30)
FNDA:0,(anonymous_31)
FNDA:0,(anonymous_32)
FNDA:0,(anonymous_33)
FNDA:0,(anonymous_34)
DA:33,0
DA:68,0
DA:72,0
DA:73,0
DA:74,0
DA:75,0
DA:78,0
DA:79,0
DA:85,0
DA:86,0
DA:87,0
DA:89,0
DA:90,0
DA:91,0
DA:92,0
DA:96,0
DA:97,0
DA:98,0
DA:100,0
DA:107,0
DA:109,0
DA:111,0
DA:115,0
DA:116,0
DA:118,0
DA:119,0
DA:121,0
DA:122,0
DA:123,0
DA:124,0
DA:126,0
DA:127,0
DA:130,0
DA:136,0
DA:139,0
DA:140,0
DA:142,0
DA:145,0
DA:146,0
DA:147,0
DA:149,0
DA:150,0
DA:151,0
DA:154,0
DA:156,0
DA:164,0
DA:168,0
DA:169,0
DA:171,0
DA:172,0
DA:173,0
DA:176,0
DA:177,0
DA:178,0
DA:182,0
DA:183,0
DA:184,0
DA:185,0
DA:187,0
DA:188,0
DA:189,0
DA:193,0
DA:197,0
DA:200,0
DA:201,0
DA:202,0
DA:212,0
DA:213,0
DA:214,0
DA:217,0
DA:218,0
DA:219,0
DA:220,0
DA:225,0
DA:228,0
DA:229,0
DA:233,0
DA:234,0
DA:237,0
DA:239,0
DA:240,0
DA:241,0
DA:243,0
DA:244,0
DA:247,0
DA:249,0
DA:259,0
DA:260,0
DA:262,0
DA:271,0
DA:278,0
DA:279,0
DA:290,0
DA:301,0
DA:321,0
DA:322,0
DA:324,0
DA:326,0
DA:407,0
DA:408,0
DA:410,0
DA:425,0
DA:473,0
DA:474,0
DA:476,0
DA:479,0
DA:480,0
DA:495,0
DA:497,0
DA:528,0
DA:548,0
DA:549,0
DA:573,0
DA:574,0
DA:585,0
DA:596,0
DA:597,0
DA:610,0
DA:621,0
LF:119
LH:0
BRDA:69,0,0,0
BRDA:70,1,0,0
BRDA:78,2,0,0
BRDA:78,2,1,0
BRDA:78,3,0,0
BRDA:78,3,1,0
BRDA:90,4,0,0
BRDA:90,4,1,0
BRDA:90,5,0,0
BRDA:90,5,1,0
BRDA:90,6,0,0
BRDA:90,6,1,0
BRDA:91,7,0,0
BRDA:91,7,1,0
BRDA:116,8,0,0
BRDA:116,8,1,0
BRDA:116,9,0,0
BRDA:116,9,1,0
BRDA:118,10,0,0
BRDA:118,10,1,0
BRDA:118,11,0,0
BRDA:118,11,1,0
BRDA:118,12,0,0
BRDA:118,12,1,0
BRDA:140,13,0,0
BRDA:140,13,1,0
BRDA:140,14,0,0
BRDA:140,14,1,0
BRDA:145,15,0,0
BRDA:145,15,1,0
BRDA:145,16,0,0
BRDA:145,16,1,0
BRDA:145,17,0,0
BRDA:145,17,1,0
BRDA:158,18,0,0
BRDA:158,18,1,0
BRDA:160,19,0,0
BRDA:160,19,1,0
BRDA:169,20,0,0
BRDA:169,20,1,0
BRDA:169,21,0,0
BRDA:169,21,1,0
BRDA:171,22,0,0
BRDA:171,22,1,0
BRDA:171,23,0,0
BRDA:171,23,1,0
BRDA:171,24,0,0
BRDA:171,24,1,0
BRDA:184,25,0,0
BRDA:184,25,1,0
BRDA:187,26,0,0
BRDA:187,26,1,0
BRDA:201,27,0,0
BRDA:201,27,1,0
BRDA:201,28,0,0
BRDA:201,28,1,0
BRDA:212,29,0,0
BRDA:212,29,1,0
BRDA:212,30,0,0
BRDA:212,30,1,0
BRDA:212,31,0,0
BRDA:212,31,1,0
BRDA:244,32,0,0
BRDA:244,32,1,0
BRDA:254,33,0,0
BRDA:254,33,1,0
BRDA:254,34,0,0
BRDA:254,34,1,0
BRDA:260,35,0,0
BRDA:260,35,1,0
BRDA:295,36,0,0
BRDA:295,36,1,0
BRDA:307,37,0,0
BRDA:307,37,1,0
BRDA:322,38,0,0
BRDA:322,38,1,0
BRDA:378,39,0,0
BRDA:378,39,1,0
BRDA:380,40,0,0
BRDA:380,40,1,0
BRDA:391,41,0,0
BRDA:391,41,1,0
BRDA:408,42,0,0
BRDA:408,42,1,0
BRDA:419,43,0,0
BRDA:419,43,1,0
BRDA:474,44,0,0
BRDA:474,44,1,0
BRDA:479,45,0,0
BRDA:479,45,1,0
BRDA:557,46,0,0
BRDA:557,46,1,0
BRDA:573,47,0,0
BRDA:573,47,1,0
BRDA:596,48,0,0
BRDA:596,48,1,0
BRDA:596,49,0,0
BRDA:596,49,1,0
BRF:98
BRH:0
end_of_record
TN:
SF:components\AdvancedMoodSelector.tsx
FN:20,AdvancedMoodSelector
FN:37,(anonymous_1)
FN:46,(anonymous_2)
FN:55,(anonymous_3)
FNF:4
FNH:0
FNDA:0,AdvancedMoodSelector
FNDA:0,(anonymous_1)
FNDA:0,(anonymous_2)
FNDA:0,(anonymous_3)
DA:21,0
DA:22,0
DA:31,0
DA:37,0
DA:46,0
DA:55,0
LF:6
LH:0
BRF:0
BRH:0
end_of_record
TN:
SF:components\AnalyticsCoachingHub.tsx
FN:14,AnalyticsCoachingHub
FN:27,(anonymous_1)
FN:36,(anonymous_2)
FN:54,(anonymous_3)
FNF:4
FNH:0
FNDA:0,AnalyticsCoachingHub
FNDA:0,(anonymous_1)
FNDA:0,(anonymous_2)
FNDA:0,(anonymous_3)
DA:15,0
DA:16,0
DA:17,0
DA:19,0
DA:21,0
DA:27,0
DA:36,0
DA:54,0
LF:8
LH:0
BRDA:26,0,0,0
BRDA:26,0,1,0
BRDA:29,1,0,0
BRDA:29,1,1,0
BRDA:35,2,0,0
BRDA:35,2,1,0
BRDA:38,3,0,0
BRDA:38,3,1,0
BRDA:45,4,0,0
BRDA:45,4,1,0
BRF:10
BRH:0
end_of_record
TN:
SF:components\CacheDemo.tsx
FN:9,CacheDemo
FN:15,(anonymous_1)
FN:22,(anonymous_2)
FN:70,(anonymous_3)
FNF:4
FNH:0
FNDA:0,CacheDemo
FNDA:0,(anonymous_1)
FNDA:0,(anonymous_2)
FNDA:0,(anonymous_3)
DA:10,0
DA:11,0
DA:12,0
DA:13,0
DA:15,0
DA:16,0
DA:22,0
DA:23,0
DA:24,0
DA:27,0
DA:29,0
DA:70,0
LF:12
LH:0
BRDA:42,0,0,0
BRDA:42,0,1,0
BRF:2
BRH:0
end_of_record
TN:
SF:components\CachedAnalyticsDashboard.tsx
FN:32,CachedAnalyticsDashboard
FN:52,(anonymous_1)
FN:76,(anonymous_2)
FN:85,(anonymous_3)
FN:89,(anonymous_4)
FN:95,(anonymous_5)
FN:103,(anonymous_6)
FN:112,(anonymous_7)
FN:151,(anonymous_8)
FN:255,(anonymous_9)
FNF:10
FNH:0
FNDA:0,CachedAnalyticsDashboard
FNDA:0,(anonymous_1)
FNDA:0,(anonymous_2)
FNDA:0,(anonymous_3)
FNDA:0,(anonymous_4)
FNDA:0,(anonymous_5)
FNDA:0,(anonymous_6)
FNDA:0,(anonymous_7)
FNDA:0,(anonymous_8)
FNDA:0,(anonymous_9)
DA:35,0
DA:36,0
DA:37,0
DA:38,0
DA:39,0
DA:41,0
DA:42,0
DA:50,0
DA:53,0
DA:54,0
DA:74,0
DA:77,0
DA:85,0
DA:86,0
DA:89,0
DA:90,0
DA:91,0
DA:92,0
DA:95,0
DA:96,0
DA:100,0
DA:103,0
DA:104,0
DA:113,0
DA:114,0
DA:115,0
DA:122,0
DA:124,0
DA:125,0
DA:133,0
DA:134,0
DA:144,0
DA:151,0
DA:255,0
LF:34
LH:0
BRDA:33,0,0,0
BRDA:51,1,0,0
BRDA:51,1,1,0
BRDA:55,2,0,0
BRDA:55,2,1,0
BRDA:59,3,0,0
BRDA:59,3,1,0
BRDA:75,4,0,0
BRDA:75,4,1,0
BRDA:124,5,0,0
BRDA:124,5,1,0
BRDA:124,6,0,0
BRDA:124,6,1,0
BRDA:133,7,0,0
BRDA:133,7,1,0
BRDA:133,8,0,0
BRDA:133,8,1,0
BRDA:161,9,0,0
BRDA:161,9,1,0
BRDA:161,9,2,0
BRDA:201,10,0,0
BRDA:201,10,1,0
BRDA:229,11,0,0
BRDA:229,11,1,0
BRF:24
BRH:0
end_of_record
TN:
SF:components\CelebrationOverlay.tsx
FN:17,CelebrationOverlay
FN:23,(anonymous_1)
FN:46,(anonymous_2)
FN:50,(anonymous_3)
FN:54,(anonymous_4)
FN:66,(anonymous_5)
FN:71,(anonymous_6)
FN:88,(anonymous_7)
FN:138,(anonymous_8)
FNF:9
FNH:0
FNDA:0,CelebrationOverlay
FNDA:0,(anonymous_1)
FNDA:0,(anonymous_2)
FNDA:0,(anonymous_3)
FNDA:0,(anonymous_4)
FNDA:0,(anonymous_5)
FNDA:0,(anonymous_6)
FNDA:0,(anonymous_7)
FNDA:0,(anonymous_8)
DA:15,0
DA:18,0
DA:19,0
DA:20,0
DA:21,0
DA:23,0
DA:24,0
DA:26,0
DA:27,0
DA:31,0
DA:46,0
DA:47,0
DA:50,0
DA:54,0
DA:55,0
DA:67,0
DA:71,0
DA:72,0
DA:74,0
DA:76,0
DA:78,0
DA:80,0
DA:82,0
DA:84,0
DA:88,0
DA:89,0
DA:91,0
DA:93,0
DA:95,0
DA:97,0
DA:99,0
DA:101,0
DA:105,0
DA:107,0
DA:109,0
DA:138,0
LF:36
LH:0
BRDA:24,0,0,0
BRDA:24,0,1,0
BRDA:26,1,0,0
BRDA:26,1,1,0
BRDA:72,2,0,0
BRDA:72,2,1,0
BRDA:72,2,2,0
BRDA:72,2,3,0
BRDA:72,2,4,0
BRDA:72,2,5,0
BRDA:89,3,0,0
BRDA:89,3,1,0
BRDA:89,3,2,0
BRDA:89,3,3,0
BRDA:89,3,4,0
BRDA:89,3,5,0
BRDA:105,4,0,0
BRDA:105,4,1,0
BRDA:113,5,0,0
BRDA:113,5,1,0
BRF:20
BRH:0
end_of_record
TN:
SF:components\CommunityAnalytics.tsx
FN:26,CommunityAnalyticsDashboard
FN:35,(anonymous_1)
FN:39,(anonymous_2)
FN:54,(anonymous_3)
FN:61,(anonymous_4)
FN:68,(anonymous_5)
FN:84,(anonymous_6)
FN:121,(anonymous_7)
FN:132,(anonymous_8)
FN:153,(anonymous_9)
FN:164,(anonymous_10)
FN:185,(anonymous_11)
FN:236,(anonymous_12)
FN:238,(anonymous_13)
FN:245,(anonymous_14)
FN:306,(anonymous_15)
FNF:16
FNH:0
FNDA:0,CommunityAnalyticsDashboard
FNDA:0,(anonymous_1)
FNDA:0,(anonymous_2)
FNDA:0,(anonymous_3)
FNDA:0,(anonymous_4)
FNDA:0,(anonymous_5)
FNDA:0,(anonymous_6)
FNDA:0,(anonymous_7)
FNDA:0,(anonymous_8)
FNDA:0,(anonymous_9)
FNDA:0,(anonymous_10)
FNDA:0,(anonymous_11)
FNDA:0,(anonymous_12)
FNDA:0,(anonymous_13)
FNDA:0,(anonymous_14)
FNDA:0,(anonymous_15)
DA:27,0
DA:28,0
DA:29,0
DA:31,0
DA:32,0
DA:33,0
DA:35,0
DA:36,0
DA:39,0
DA:40,0
DA:41,0
DA:42,0
DA:44,0
DA:45,0
DA:47,0
DA:48,0
DA:50,0
DA:54,0
DA:55,0
DA:56,0
DA:57,0
DA:58,0
DA:61,0
DA:62,0
DA:63,0
DA:64,0
DA:65,0
DA:68,0
DA:69,0
DA:84,0
DA:85,0
DA:87,0
DA:88,0
DA:90,0
DA:121,0
DA:122,0
DA:124,0
DA:133,0
DA:153,0
DA:154,0
DA:156,0
DA:165,0
DA:185,0
DA:186,0
DA:188,0
DA:236,0
DA:237,0
DA:239,0
DA:245,0
DA:258,0
DA:260,0
DA:261,0
DA:268,0
DA:269,0
DA:276,0
DA:306,0
LF:56
LH:0
BRDA:41,0,0,0
BRDA:41,0,1,0
BRDA:55,1,0,0
BRDA:55,1,1,0
BRDA:56,2,0,0
BRDA:56,2,1,0
BRDA:57,3,0,0
BRDA:57,3,1,0
BRDA:62,4,0,0
BRDA:62,4,1,0
BRDA:63,5,0,0
BRDA:63,5,1,0
BRDA:64,6,0,0
BRDA:64,6,1,0
BRDA:71,7,0,0
BRDA:71,7,1,0
BRDA:85,8,0,0
BRDA:85,8,1,0
BRDA:122,9,0,0
BRDA:122,9,1,0
BRDA:122,10,0,0
BRDA:122,10,1,0
BRDA:154,11,0,0
BRDA:154,11,1,0
BRDA:154,12,0,0
BRDA:154,12,1,0
BRDA:186,13,0,0
BRDA:186,13,1,0
BRDA:243,14,0,0
BRDA:243,14,1,0
BRDA:249,15,0,0
BRDA:249,15,1,0
BRDA:260,16,0,0
BRDA:260,16,1,0
BRDA:268,17,0,0
BRDA:268,17,1,0
BRF:36
BRH:0
end_of_record
TN:
SF:components\DailyMoodReminder.tsx
FN:14,DailyMoodReminder
FN:24,(anonymous_1)
FN:28,(anonymous_2)
FN:53,(anonymous_3)
FN:60,(anonymous_4)
FN:81,(anonymous_5)
FN:87,(anonymous_6)
FN:119,(anonymous_7)
FN:127,(anonymous_8)
FN:141,(anonymous_9)
FNF:10
FNH:0
FNDA:0,DailyMoodReminder
FNDA:0,(anonymous_1)
FNDA:0,(anonymous_2)
FNDA:0,(anonymous_3)
FNDA:0,(anonymous_4)
FNDA:0,(anonymous_5)
FNDA:0,(anonymous_6)
FNDA:0,(anonymous_7)
FNDA:0,(anonymous_8)
FNDA:0,(anonymous_9)
DA:15,0
DA:16,0
DA:17,0
DA:18,0
DA:19,0
DA:20,0
DA:22,0
DA:24,0
DA:25,0
DA:28,0
DA:29,0
DA:30,0
DA:31,0
DA:32,0
DA:39,0
DA:42,0
DA:43,0
DA:44,0
DA:47,0
DA:49,0
DA:53,0
DA:54,0
DA:56,0
DA:57,0
DA:58,0
DA:60,0
DA:61,0
DA:68,0
DA:69,0
DA:72,0
DA:81,0
DA:87,0
DA:119,0
DA:127,0
DA:141,0
LF:35
LH:0
BRDA:39,0,0,0
BRDA:39,0,1,0
BRDA:42,1,0,0
BRDA:42,1,1,0
BRDA:56,2,0,0
BRDA:56,2,1,0
BRDA:58,3,0,0
BRDA:58,3,1,0
BRDA:68,4,0,0
BRDA:68,4,1,0
BRF:10
BRH:0
end_of_record
TN:
SF:components\DateHeader.tsx
FN:6,DateHeader
FN:10,(anonymous_1)
FN:51,(anonymous_2)
FNF:3
FNH:0
FNDA:0,DateHeader
FNDA:0,(anonymous_1)
FNDA:0,(anonymous_2)
DA:7,0
DA:8,0
DA:10,0
DA:11,0
DA:13,0
DA:15,0
DA:17,0
DA:18,0
DA:19,0
DA:21,0
DA:24,0
DA:29,0
DA:31,0
DA:32,0
DA:33,0
DA:35,0
DA:39,0
DA:41,0
DA:51,0
LF:19
LH:0
BRDA:13,0,0,0
BRDA:13,0,1,0
BRDA:29,1,0,0
BRDA:29,1,1,0
BRF:4
BRH:0
end_of_record
TN:
SF:components\EmojiPicker.tsx
FN:49,EmojiPicker
FN:78,(anonymous_1)
FN:85,(anonymous_2)
FN:100,(anonymous_3)
FN:107,(anonymous_4)
FN:118,(anonymous_5)
FN:128,(anonymous_6)
FNF:7
FNH:0
FNDA:0,EmojiPicker
FNDA:0,(anonymous_1)
FNDA:0,(anonymous_2)
FNDA:0,(anonymous_3)
FNDA:0,(anonymous_4)
FNDA:0,(anonymous_5)
FNDA:0,(anonymous_6)
DA:14,0
DA:40,0
DA:50,0
DA:51,0
DA:52,0
DA:54,0
DA:56,0
DA:79,0
DA:85,0
DA:101,0
DA:107,0
DA:118,0
DA:128,0
LF:13
LH:0
BRDA:83,0,0,0
BRDA:83,0,1,0
BRDA:89,1,0,0
BRDA:89,1,1,0
BRDA:105,2,0,0
BRDA:105,2,1,0
BRF:6
BRH:0
end_of_record
TN:
SF:components\EmptyState.tsx
FN:13,EmptyState
FN:17,(anonymous_1)
FN:45,(anonymous_2)
FNF:3
FNH:0
FNDA:0,EmptyState
FNDA:0,(anonymous_1)
FNDA:0,(anonymous_2)
DA:14,0
DA:15,0
DA:17,0
DA:18,0
DA:19,0
DA:21,0
DA:25,0
DA:27,0
DA:45,0
LF:9
LH:0
BRDA:18,0,0,0
BRDA:18,0,1,0
BRF:2
BRH:0
end_of_record
TN:
SF:components\EnhancedCoachingDashboard.tsx
FN:16,EnhancedCoachingDashboard
FN:42,(anonymous_1)
FN:46,(anonymous_2)
FN:47,(anonymous_3)
FN:54,(anonymous_4)
FN:71,(anonymous_5)
FN:72,(anonymous_6)
FN:92,(anonymous_7)
FN:96,(anonymous_8)
FN:100,(anonymous_9)
FN:113,(anonymous_10)
FN:146,(anonymous_11)
FN:166,(anonymous_12)
FN:173,(anonymous_13)
FN:182,(anonymous_14)
FN:187,(anonymous_15)
FN:191,(anonymous_16)
FN:208,(anonymous_17)
FN:221,(anonymous_18)
FN:225,(anonymous_19)
FN:259,(anonymous_20)
FN:280,(anonymous_21)
FN:286,(anonymous_22)
FN:294,(anonymous_23)
FN:298,(anonymous_24)
FN:312,(anonymous_25)
FN:321,(anonymous_26)
FN:355,(anonymous_27)
FN:367,(anonymous_28)
FN:379,(anonymous_29)
FN:391,(anonymous_30)
FN:418,(anonymous_31)
FN:448,(anonymous_32)
FN:454,(anonymous_33)
FN:460,(anonymous_34)
FN:471,(anonymous_35)
FN:477,(anonymous_36)
FN:483,(anonymous_37)
FN:494,(anonymous_38)
FN:500,(anonymous_39)
FN:506,(anonymous_40)
FN:517,(anonymous_41)
FN:523,(anonymous_42)
FN:529,(anonymous_43)
FN:597,(anonymous_44)
FN:602,(anonymous_45)
FN:634,(anonymous_46)
FN:654,(anonymous_47)
FN:715,(anonymous_48)
FN:720,(anonymous_49)
FN:733,(anonymous_50)
FN:758,(anonymous_51)
FN:761,(anonymous_52)
FN:764,(anonymous_53)
FN:783,(anonymous_54)
FN:839,(anonymous_55)
FN:843,(anonymous_56)
FN:908,(anonymous_57)
FNF:58
FNH:0
FNDA:0,EnhancedCoachingDashboard
FNDA:0,(anonymous_1)
FNDA:0,(anonymous_2)
FNDA:0,(anonymous_3)
FNDA:0,(anonymous_4)
FNDA:0,(anonymous_5)
FNDA:0,(anonymous_6)
FNDA:0,(anonymous_7)
FNDA:0,(anonymous_8)
FNDA:0,(anonymous_9)
FNDA:0,(anonymous_10)
FNDA:0,(anonymous_11)
FNDA:0,(anonymous_12)
FNDA:0,(anonymous_13)
FNDA:0,(anonymous_14)
FNDA:0,(anonymous_15)
FNDA:0,(anonymous_16)
FNDA:0,(anonymous_17)
FNDA:0,(anonymous_18)
FNDA:0,(anonymous_19)
FNDA:0,(anonymous_20)
FNDA:0,(anonymous_21)
FNDA:0,(anonymous_22)
FNDA:0,(anonymous_23)
FNDA:0,(anonymous_24)
FNDA:0,(anonymous_25)
FNDA:0,(anonymous_26)
FNDA:0,(anonymous_27)
FNDA:0,(anonymous_28)
FNDA:0,(anonymous_29)
FNDA:0,(anonymous_30)
FNDA:0,(anonymous_31)
FNDA:0,(anonymous_32)
FNDA:0,(anonymous_33)
FNDA:0,(anonymous_34)
FNDA:0,(anonymous_35)
FNDA:0,(anonymous_36)
FNDA:0,(anonymous_37)
FNDA:0,(anonymous_38)
FNDA:0,(anonymous_39)
FNDA:0,(anonymous_40)
FNDA:0,(anonymous_41)
FNDA:0,(anonymous_42)
FNDA:0,(anonymous_43)
FNDA:0,(anonymous_44)
FNDA:0,(anonymous_45)
FNDA:0,(anonymous_46)
FNDA:0,(anonymous_47)
FNDA:0,(anonymous_48)
FNDA:0,(anonymous_49)
FNDA:0,(anonymous_50)
FNDA:0,(anonymous_51)
FNDA:0,(anonymous_52)
FNDA:0,(anonymous_53)
FNDA:0,(anonymous_54)
FNDA:0,(anonymous_55)
FNDA:0,(anonymous_56)
FNDA:0,(anonymous_57)
DA:9,0
DA:17,0
DA:18,0
DA:19,0
DA:21,0
DA:22,0
DA:23,0
DA:24,0
DA:25,0
DA:26,0
DA:29,0
DA:30,0
DA:31,0
DA:32,0
DA:33,0
DA:34,0
DA:37,0
DA:38,0
DA:39,0
DA:40,0
DA:42,0
DA:43,0
DA:46,0
DA:47,0
DA:48,0
DA:50,0
DA:51,0
DA:55,0
DA:59,0
DA:60,0
DA:61,0
DA:63,0
DA:67,0
DA:71,0
DA:72,0
DA:73,0
DA:75,0
DA:76,0
DA:82,0
DA:84,0
DA:88,0
DA:92,0
DA:93,0
DA:96,0
DA:99,0
DA:100,0
DA:103,0
DA:104,0
DA:105,0
DA:108,0
DA:109,0
DA:113,0
DA:115,0
DA:142,0
DA:146,0
DA:147,0
DA:148,0
DA:151,0
DA:152,0
DA:163,0
DA:166,0
DA:169,0
DA:173,0
DA:174,0
DA:175,0
DA:176,0
DA:177,0
DA:178,0
DA:179,0
DA:182,0
DA:183,0
DA:184,0
DA:187,0
DA:188,0
DA:191,0
DA:192,0
DA:193,0
DA:201,0
DA:203,0
DA:204,0
DA:208,0
DA:209,0
DA:210,0
DA:212,0
DA:217,0
DA:221,0
DA:222,0
DA:225,0
DA:226,0
DA:227,0
DA:231,0
DA:234,0
DA:236,0
DA:237,0
DA:238,0
DA:250,0
DA:252,0
DA:254,0
DA:255,0
DA:256,0
DA:259,0
DA:262,0
DA:269,0
DA:270,0
DA:276,0
DA:280,0
DA:281,0
DA:282,0
DA:283,0
DA:286,0
DA:287,0
DA:295,0
DA:298,0
DA:312,0
DA:313,0
DA:314,0
DA:315,0
DA:316,0
DA:317,0
DA:321,0
DA:322,0
DA:356,0
DA:357,0
DA:368,0
DA:369,0
DA:380,0
DA:381,0
DA:392,0
DA:393,0
DA:418,0
DA:448,0
DA:454,0
DA:460,0
DA:471,0
DA:477,0
DA:483,0
DA:494,0
DA:500,0
DA:506,0
DA:517,0
DA:523,0
DA:529,0
DA:597,0
DA:598,0
DA:603,0
DA:634,0
DA:635,0
DA:655,0
DA:715,0
DA:716,0
DA:721,0
DA:734,0
DA:759,0
DA:762,0
DA:765,0
DA:783,0
DA:784,0
DA:786,0
DA:788,0
DA:790,0
DA:792,0
DA:794,0
DA:798,0
DA:840,0
DA:843,0
DA:908,0
LF:166
LH:0
BRDA:48,0,0,0
BRDA:48,0,1,0
BRDA:48,1,0,0
BRDA:48,1,1,0
BRDA:73,2,0,0
BRDA:73,2,1,0
BRDA:73,3,0,0
BRDA:73,3,1,0
BRDA:73,3,2,0
BRDA:93,4,0,0
BRDA:93,4,1,0
BRDA:108,5,0,0
BRDA:108,5,1,0
BRDA:142,6,0,0
BRDA:142,6,1,0
BRDA:226,7,0,0
BRDA:226,7,1,0
BRDA:243,8,0,0
BRDA:243,8,1,0
BRDA:254,9,0,0
BRDA:254,9,1,0
BRDA:297,10,0,0
BRDA:297,10,1,0
BRDA:300,11,0,0
BRDA:300,11,1,0
BRDA:303,12,0,0
BRDA:303,12,1,0
BRDA:313,13,0,0
BRDA:313,13,1,0
BRDA:313,13,2,0
BRDA:313,13,3,0
BRDA:354,14,0,0
BRDA:354,14,1,0
BRDA:366,15,0,0
BRDA:366,15,1,0
BRDA:378,16,0,0
BRDA:378,16,1,0
BRDA:390,17,0,0
BRDA:390,17,1,0
BRDA:404,18,0,0
BRDA:404,18,1,0
BRDA:411,19,0,0
BRDA:411,19,1,0
BRDA:412,20,0,0
BRDA:412,20,1,0
BRDA:413,21,0,0
BRDA:413,21,1,0
BRDA:433,22,0,0
BRDA:433,22,1,0
BRDA:434,23,0,0
BRDA:434,23,1,0
BRDA:435,24,0,0
BRDA:435,24,1,0
BRDA:444,25,0,0
BRDA:444,25,1,0
BRDA:467,26,0,0
BRDA:467,26,1,0
BRDA:490,27,0,0
BRDA:490,27,1,0
BRDA:513,28,0,0
BRDA:513,28,1,0
BRDA:549,29,0,0
BRDA:549,29,1,0
BRDA:553,30,0,0
BRDA:553,30,1,0
BRDA:602,31,0,0
BRDA:602,31,1,0
BRDA:607,32,0,0
BRDA:607,32,1,0
BRDA:608,33,0,0
BRDA:608,33,1,0
BRDA:615,34,0,0
BRDA:615,34,1,0
BRDA:618,35,0,0
BRDA:618,35,1,0
BRDA:619,36,0,0
BRDA:619,36,1,0
BRDA:641,37,0,0
BRDA:641,37,1,0
BRDA:643,38,0,0
BRDA:643,38,1,0
BRDA:646,39,0,0
BRDA:646,39,1,0
BRDA:654,40,0,0
BRDA:654,40,1,0
BRDA:657,41,0,0
BRDA:657,41,1,0
BRDA:660,42,0,0
BRDA:660,42,1,0
BRDA:662,43,0,0
BRDA:662,43,1,0
BRDA:664,44,0,0
BRDA:664,44,1,0
BRDA:667,45,0,0
BRDA:667,45,1,0
BRDA:720,46,0,0
BRDA:720,46,1,0
BRDA:723,47,0,0
BRDA:723,47,1,0
BRDA:733,48,0,0
BRDA:733,48,1,0
BRDA:757,49,0,0
BRDA:757,49,1,0
BRDA:784,50,0,0
BRDA:784,50,1,0
BRDA:784,50,2,0
BRDA:784,50,3,0
BRDA:784,50,4,0
BRDA:847,51,0,0
BRDA:847,51,1,0
BRDA:855,52,0,0
BRDA:855,52,1,0
BRDA:856,53,0,0
BRDA:856,53,1,0
BRDA:857,54,0,0
BRDA:857,54,1,0
BRDA:858,55,0,0
BRDA:858,55,1,0
BRDA:859,56,0,0
BRDA:859,56,1,0
BRDA:891,57,0,0
BRDA:891,57,1,0
BRDA:891,57,2,0
BRDA:894,58,0,0
BRDA:894,58,1,0
BRDA:897,59,0,0
BRDA:897,59,1,0
BRF:127
BRH:0
end_of_record
TN:
SF:components\ErrorBoundary.tsx
FN:20,(anonymous_0)
FN:30,(anonymous_1)
FN:38,(anonymous_2)
FN:52,(anonymous_3)
FN:61,(anonymous_4)
FN:67,(anonymous_5)
FN:86,(anonymous_6)
FN:111,ErrorFallback
FN:179,(anonymous_8)
FNF:9
FNH:0
FNDA:0,(anonymous_0)
FNDA:0,(anonymous_1)
FNDA:0,(anonymous_2)
FNDA:0,(anonymous_3)
FNDA:0,(anonymous_4)
FNDA:0,(anonymous_5)
FNDA:0,(anonymous_6)
FNDA:0,ErrorFallback
FNDA:0,(anonymous_8)
DA:21,0
DA:22,0
DA:31,0
DA:39,0
DA:44,0
DA:45,0
DA:52,0
DA:53,0
DA:61,0
DA:64,0
DA:67,0
DA:68,0
DA:71,0
DA:83,0
DA:87,0
DA:88,0
DA:98,0
DA:119,0
DA:120,0
DA:122,0
DA:124,0
DA:179,0
LF:22
LH:0
BRDA:44,0,0,0
BRDA:44,0,1,0
BRDA:87,1,0,0
BRDA:87,1,1,0
BRDA:140,2,0,0
BRDA:140,2,1,0
BRDA:140,2,2,0
BRDA:145,3,0,0
BRDA:145,3,1,0
BRF:9
BRH:0
end_of_record
TN:
SF:components\ErrorHandlingExample.tsx
FN:9,ErrorHandlingExample
FN:18,(anonymous_1)
FN:22,(anonymous_2)
FN:23,(anonymous_3)
FN:36,(anonymous_4)
FN:40,(anonymous_5)
FN:44,(anonymous_6)
FN:45,(anonymous_7)
FN:60,(anonymous_8)
FN:64,(anonymous_9)
FN:68,(anonymous_10)
FN:88,(anonymous_11)
FN:92,(anonymous_12)
FN:203,(anonymous_13)
FNF:14
FNH:0
FNDA:0,ErrorHandlingExample
FNDA:0,(anonymous_1)
FNDA:0,(anonymous_2)
FNDA:0,(anonymous_3)
FNDA:0,(anonymous_4)
FNDA:0,(anonymous_5)
FNDA:0,(anonymous_6)
FNDA:0,(anonymous_7)
FNDA:0,(anonymous_8)
FNDA:0,(anonymous_9)
FNDA:0,(anonymous_10)
FNDA:0,(anonymous_11)
FNDA:0,(anonymous_12)
FNDA:0,(anonymous_13)
DA:10,0
DA:11,0
DA:12,0
DA:13,0
DA:14,0
DA:16,0
DA:18,0
DA:19,0
DA:20,0
DA:22,0
DA:23,0
DA:24,0
DA:28,0
DA:32,0
DA:36,0
DA:37,0
DA:40,0
DA:41,0
DA:42,0
DA:44,0
DA:45,0
DA:46,0
DA:47,0
DA:48,0
DA:52,0
DA:56,0
DA:60,0
DA:61,0
DA:64,0
DA:65,0
DA:67,0
DA:70,0
DA:71,0
DA:72,0
DA:74,0
DA:81,0
DA:85,0
DA:88,0
DA:89,0
DA:92,0
DA:94,0
DA:97,0
DA:203,0
LF:43
LH:0
BRDA:71,0,0,0
BRDA:71,0,1,0
BRDA:81,1,0,0
BRDA:81,1,1,0
BRF:4
BRH:0
end_of_record
TN:
SF:components\ErrorToast.tsx
FN:19,ErrorToast
FN:34,(anonymous_1)
FN:42,(anonymous_2)
FN:58,(anonymous_3)
FN:64,(anonymous_4)
FN:81,(anonymous_5)
FN:87,(anonymous_6)
FN:92,(anonymous_7)
FN:146,getErrorColor
FN:167,getErrorTitle
FN:188,(anonymous_10)
FNF:11
FNH:0
FNDA:0,ErrorToast
FNDA:0,(anonymous_1)
FNDA:0,(anonymous_2)
FNDA:0,(anonymous_3)
FNDA:0,(anonymous_4)
FNDA:0,(anonymous_5)
FNDA:0,(anonymous_6)
FNDA:0,(anonymous_7)
FNDA:0,getErrorColor
FNDA:0,getErrorTitle
FNDA:0,(anonymous_10)
DA:17,0
DA:27,0
DA:28,0
DA:29,0
DA:30,0
DA:31,0
DA:32,0
DA:34,0
DA:35,0
DA:36,0
DA:38,0
DA:42,0
DA:43,0
DA:44,0
DA:57,0
DA:58,0
DA:59,0
DA:64,0
DA:65,0
DA:66,0
DA:67,0
DA:70,0
DA:82,0
DA:83,0
DA:87,0
DA:88,0
DA:89,0
DA:92,0
DA:93,0
DA:96,0
DA:97,0
DA:100,0
DA:101,0
DA:103,0
DA:147,0
DA:149,0
DA:151,0
DA:153,0
DA:155,0
DA:157,0
DA:159,0
DA:161,0
DA:163,0
DA:168,0
DA:170,0
DA:172,0
DA:174,0
DA:176,0
DA:178,0
DA:180,0
DA:182,0
DA:184,0
DA:188,0
LF:53
LH:0
BRDA:23,0,0,0
BRDA:24,1,0,0
BRDA:25,2,0,0
BRDA:35,3,0,0
BRDA:35,3,1,0
BRDA:57,4,0,0
BRDA:57,4,1,0
BRDA:65,5,0,0
BRDA:65,5,1,0
BRDA:96,6,0,0
BRDA:96,6,1,0
BRDA:96,7,0,0
BRDA:96,7,1,0
BRDA:107,8,0,0
BRDA:107,8,1,0
BRDA:130,9,0,0
BRDA:130,9,1,0
BRDA:130,9,2,0
BRDA:147,10,0,0
BRDA:147,10,1,0
BRDA:147,10,2,0
BRDA:147,10,3,0
BRDA:147,10,4,0
BRDA:147,10,5,0
BRDA:147,10,6,0
BRDA:147,10,7,0
BRDA:168,11,0,0
BRDA:168,11,1,0
BRDA:168,11,2,0
BRDA:168,11,3,0
BRDA:168,11,4,0
BRDA:168,11,5,0
BRDA:168,11,6,0
BRDA:168,11,7,0
BRF:34
BRH:0
end_of_record
TN:
SF:components\ExerciseTrackingForm.tsx
FN:13,ExerciseTrackingForm
FN:46,(anonymous_1)
FN:75,(anonymous_2)
FN:79,(anonymous_3)
FN:89,(anonymous_4)
FN:104,(anonymous_5)
FN:110,(anonymous_6)
FN:121,(anonymous_7)
FN:127,(anonymous_8)
FN:134,(anonymous_9)
FN:148,(anonymous_10)
FN:152,(anonymous_11)
FN:162,(anonymous_12)
FN:196,(anonymous_13)
FN:226,(anonymous_14)
FN:242,(anonymous_15)
FN:260,(anonymous_16)
FN:282,(anonymous_17)
FN:308,(anonymous_18)
FNF:19
FNH:0
FNDA:0,ExerciseTrackingForm
FNDA:0,(anonymous_1)
FNDA:0,(anonymous_2)
FNDA:0,(anonymous_3)
FNDA:0,(anonymous_4)
FNDA:0,(anonymous_5)
FNDA:0,(anonymous_6)
FNDA:0,(anonymous_7)
FNDA:0,(anonymous_8)
FNDA:0,(anonymous_9)
FNDA:0,(anonymous_10)
FNDA:0,(anonymous_11)
FNDA:0,(anonymous_12)
FNDA:0,(anonymous_13)
FNDA:0,(anonymous_14)
FNDA:0,(anonymous_15)
FNDA:0,(anonymous_16)
FNDA:0,(anonymous_17)
FNDA:0,(anonymous_18)
DA:14,0
DA:15,0
DA:16,0
DA:25,0
DA:27,0
DA:29,0
DA:38,0
DA:44,0
DA:46,0
DA:47,0
DA:48,0
DA:49,0
DA:52,0
DA:53,0
DA:54,0
DA:65,0
DA:66,0
DA:67,0
DA:69,0
DA:71,0
DA:75,0
DA:76,0
DA:80,0
DA:89,0
DA:104,0
DA:105,0
DA:110,0
DA:121,0
DA:128,0
DA:134,0
DA:148,0
DA:149,0
DA:153,0
DA:162,0
DA:178,0
DA:196,0
DA:226,0
DA:242,0
DA:260,0
DA:282,0
DA:308,0
LF:41
LH:0
BRDA:47,0,0,0
BRDA:47,0,1,0
BRDA:47,1,0,0
BRDA:47,1,1,0
BRDA:67,2,0,0
BRDA:67,2,1,0
BRDA:84,3,0,0
BRDA:84,3,1,0
BRDA:94,4,0,0
BRDA:94,4,1,0
BRDA:110,5,0,0
BRDA:110,5,1,0
BRDA:121,6,0,0
BRDA:121,6,1,0
BRDA:132,7,0,0
BRDA:132,7,1,0
BRDA:138,8,0,0
BRDA:138,8,1,0
BRDA:157,9,0,0
BRDA:157,9,1,0
BRDA:167,10,0,0
BRDA:167,10,1,0
BRDA:226,11,0,0
BRDA:226,11,1,0
BRDA:246,12,0,0
BRDA:246,12,1,0
BRDA:247,13,0,0
BRDA:247,13,1,0
BRDA:264,14,0,0
BRDA:264,14,1,0
BRDA:265,15,0,0
BRDA:265,15,1,0
BRDA:295,16,0,0
BRDA:295,16,1,0
BRDA:300,17,0,0
BRDA:300,17,1,0
BRF:36
BRH:0
end_of_record
TN:
SF:components\GuidedSetupWizard.tsx
FN:16,GuidedSetupWizard
FN:29,(anonymous_1)
FN:35,(anonymous_2)
FN:52,(anonymous_3)
FN:59,(anonymous_4)
FN:67,(anonymous_5)
FN:73,(anonymous_6)
FN:74,(anonymous_7)
FN:80,(anonymous_8)
FN:106,(anonymous_9)
FN:149,(anonymous_10)
FN:156,(anonymous_11)
FN:160,(anonymous_12)
FN:178,(anonymous_13)
FN:185,(anonymous_14)
FN:211,(anonymous_15)
FN:224,(anonymous_16)
FN:225,(anonymous_17)
FN:242,(anonymous_18)
FN:355,(anonymous_19)
FNF:20
FNH:0
FNDA:0,GuidedSetupWizard
FNDA:0,(anonymous_1)
FNDA:0,(anonymous_2)
FNDA:0,(anonymous_3)
FNDA:0,(anonymous_4)
FNDA:0,(anonymous_5)
FNDA:0,(anonymous_6)
FNDA:0,(anonymous_7)
FNDA:0,(anonymous_8)
FNDA:0,(anonymous_9)
FNDA:0,(anonymous_10)
FNDA:0,(anonymous_11)
FNDA:0,(anonymous_12)
FNDA:0,(anonymous_13)
FNDA:0,(anonymous_14)
FNDA:0,(anonymous_15)
FNDA:0,(anonymous_16)
FNDA:0,(anonymous_17)
FNDA:0,(anonymous_18)
FNDA:0,(anonymous_19)
DA:17,0
DA:18,0
DA:19,0
DA:20,0
DA:22,0
DA:23,0
DA:24,0
DA:25,0
DA:27,0
DA:29,0
DA:30,0
DA:31,0
DA:35,0
DA:36,0
DA:38,0
DA:39,0
DA:40,0
DA:41,0
DA:42,0
DA:43,0
DA:45,0
DA:46,0
DA:48,0
DA:52,0
DA:53,0
DA:54,0
DA:55,0
DA:56,0
DA:59,0
DA:60,0
DA:61,0
DA:63,0
DA:67,0
DA:68,0
DA:69,0
DA:73,0
DA:74,0
DA:80,0
DA:81,0
DA:83,0
DA:85,0
DA:87,0
DA:88,0
DA:89,0
DA:91,0
DA:97,0
DA:98,0
DA:101,0
DA:102,0
DA:106,0
DA:107,0
DA:108,0
DA:109,0
DA:110,0
DA:111,0
DA:112,0
DA:114,0
DA:127,0
DA:128,0
DA:129,0
DA:130,0
DA:131,0
DA:133,0
DA:146,0
DA:149,0
DA:150,0
DA:152,0
DA:157,0
DA:160,0
DA:174,0
DA:179,0
DA:185,0
DA:203,0
DA:211,0
DA:220,0
DA:225,0
DA:226,0
DA:238,0
DA:242,0
DA:243,0
DA:245,0
DA:246,0
DA:250,0
DA:252,0
DA:254,0
DA:256,0
DA:257,0
DA:259,0
DA:261,0
DA:265,0
DA:266,0
DA:269,0
DA:270,0
DA:271,0
DA:273,0
DA:355,0
LF:96
LH:0
BRDA:30,0,0,0
BRDA:30,0,1,0
BRDA:30,1,0,0
BRDA:30,1,1,0
BRDA:36,2,0,0
BRDA:36,2,1,0
BRDA:60,3,0,0
BRDA:60,3,1,0
BRDA:60,4,0,0
BRDA:60,4,1,0
BRDA:68,5,0,0
BRDA:68,5,1,0
BRDA:81,6,0,0
BRDA:81,6,1,0
BRDA:87,7,0,0
BRDA:87,7,1,0
BRDA:107,8,0,0
BRDA:107,8,1,0
BRDA:108,9,0,0
BRDA:108,9,1,0
BRDA:109,10,0,0
BRDA:109,10,1,0
BRDA:110,11,0,0
BRDA:110,11,1,0
BRDA:111,12,0,0
BRDA:111,12,1,0
BRDA:112,13,0,0
BRDA:112,13,1,0
BRDA:127,14,0,0
BRDA:127,14,1,0
BRDA:128,15,0,0
BRDA:128,15,1,0
BRDA:129,16,0,0
BRDA:129,16,1,0
BRDA:130,17,0,0
BRDA:130,17,1,0
BRDA:131,18,0,0
BRDA:131,18,1,0
BRDA:150,19,0,0
BRDA:150,19,1,0
BRDA:150,19,2,0
BRDA:150,19,3,0
BRDA:150,19,4,0
BRDA:164,20,0,0
BRDA:164,20,1,0
BRDA:165,21,0,0
BRDA:165,21,1,0
BRDA:183,22,0,0
BRDA:183,22,1,0
BRDA:189,23,0,0
BRDA:189,23,1,0
BRDA:193,24,0,0
BRDA:193,24,1,0
BRDA:210,25,0,0
BRDA:210,25,1,0
BRDA:243,26,0,0
BRDA:243,26,1,0
BRDA:250,27,0,0
BRDA:250,27,1,0
BRDA:250,27,2,0
BRDA:250,27,3,0
BRDA:250,27,4,0
BRDA:252,28,0,0
BRDA:252,28,1,0
BRDA:254,29,0,0
BRDA:254,29,1,0
BRDA:256,30,0,0
BRDA:256,30,1,0
BRDA:265,31,0,0
BRDA:265,31,1,0
BRDA:323,32,0,0
BRDA:323,32,1,0
BRDA:337,33,0,0
BRDA:337,33,1,0
BRDA:343,34,0,0
BRDA:343,34,1,0
BRDA:345,35,0,0
BRDA:345,35,1,0
BRDA:346,36,0,0
BRDA:346,36,1,0
BRF:80
BRH:0
end_of_record
TN:
SF:components\HabitCourses.tsx
FN:90,HabitCourses
FN:127,(anonymous_1)
FN:133,(anonymous_2)
FN:167,(anonymous_3)
FN:176,(anonymous_4)
FN:188,(anonymous_5)
FN:198,(anonymous_6)
FN:214,(anonymous_7)
FN:236,(anonymous_8)
FN:239,(anonymous_9)
FN:256,(anonymous_10)
FN:271,(anonymous_11)
FN:309,(anonymous_12)
FN:312,(anonymous_13)
FN:343,(anonymous_14)
FN:359,(anonymous_15)
FN:387,(anonymous_16)
FN:393,(anonymous_17)
FN:409,(anonymous_18)
FN:413,(anonymous_19)
FN:414,(anonymous_20)
FN:420,(anonymous_21)
FN:421,(anonymous_22)
FN:425,(anonymous_23)
FN:426,(anonymous_24)
FN:430,(anonymous_25)
FN:431,(anonymous_26)
FN:436,(anonymous_27)
FN:437,(anonymous_28)
FN:440,(anonymous_29)
FN:441,(anonymous_30)
FN:444,(anonymous_31)
FN:448,(anonymous_32)
FN:452,(anonymous_33)
FN:453,(anonymous_34)
FN:534,(anonymous_35)
FN:546,(anonymous_36)
FN:578,(anonymous_37)
FN:593,(anonymous_38)
FN:615,(anonymous_39)
FN:619,(anonymous_40)
FN:624,(anonymous_41)
FN:655,(anonymous_42)
FN:663,(anonymous_43)
FN:679,(anonymous_44)
FN:722,(anonymous_45)
FN:729,(anonymous_46)
FN:738,(anonymous_47)
FN:749,(anonymous_48)
FN:770,(anonymous_49)
FN:779,(anonymous_50)
FN:821,(anonymous_51)
FN:824,(anonymous_52)
FN:847,(anonymous_53)
FN:855,(anonymous_54)
FN:869,(anonymous_55)
FN:939,(anonymous_56)
FN:958,(anonymous_57)
FN:966,(anonymous_58)
FN:985,(anonymous_59)
FN:1003,(anonymous_60)
FN:1043,(anonymous_61)
FN:1059,(anonymous_62)
FN:1080,(anonymous_63)
FN:1084,(anonymous_64)
FN:1094,(anonymous_65)
FN:1113,(anonymous_66)
FN:1131,(anonymous_67)
FN:1146,(anonymous_68)
FN:1150,(anonymous_69)
FN:1170,(anonymous_70)
FN:1174,(anonymous_71)
FN:1199,(anonymous_72)
FN:1216,(anonymous_73)
FN:1220,(anonymous_74)
FN:1233,(anonymous_75)
FN:1242,(anonymous_76)
FN:1253,(anonymous_77)
FNF:78
FNH:0
FNDA:0,HabitCourses
FNDA:0,(anonymous_1)
FNDA:0,(anonymous_2)
FNDA:0,(anonymous_3)
FNDA:0,(anonymous_4)
FNDA:0,(anonymous_5)
FNDA:0,(anonymous_6)
FNDA:0,(anonymous_7)
FNDA:0,(anonymous_8)
FNDA:0,(anonymous_9)
FNDA:0,(anonymous_10)
FNDA:0,(anonymous_11)
FNDA:0,(anonymous_12)
FNDA:0,(anonymous_13)
FNDA:0,(anonymous_14)
FNDA:0,(anonymous_15)
FNDA:0,(anonymous_16)
FNDA:0,(anonymous_17)
FNDA:0,(anonymous_18)
FNDA:0,(anonymous_19)
FNDA:0,(anonymous_20)
FNDA:0,(anonymous_21)
FNDA:0,(anonymous_22)
FNDA:0,(anonymous_23)
FNDA:0,(anonymous_24)
FNDA:0,(anonymous_25)
FNDA:0,(anonymous_26)
FNDA:0,(anonymous_27)
FNDA:0,(anonymous_28)
FNDA:0,(anonymous_29)
FNDA:0,(anonymous_30)
FNDA:0,(anonymous_31)
FNDA:0,(anonymous_32)
FNDA:0,(anonymous_33)
FNDA:0,(anonymous_34)
FNDA:0,(anonymous_35)
FNDA:0,(anonymous_36)
FNDA:0,(anonymous_37)
FNDA:0,(anonymous_38)
FNDA:0,(anonymous_39)
FNDA:0,(anonymous_40)
FNDA:0,(anonymous_41)
FNDA:0,(anonymous_42)
FNDA:0,(anonymous_43)
FNDA:0,(anonymous_44)
FNDA:0,(anonymous_45)
FNDA:0,(anonymous_46)
FNDA:0,(anonymous_47)
FNDA:0,(anonymous_48)
FNDA:0,(anonymous_49)
FNDA:0,(anonymous_50)
FNDA:0,(anonymous_51)
FNDA:0,(anonymous_52)
FNDA:0,(anonymous_53)
FNDA:0,(anonymous_54)
FNDA:0,(anonymous_55)
FNDA:0,(anonymous_56)
FNDA:0,(anonymous_57)
FNDA:0,(anonymous_58)
FNDA:0,(anonymous_59)
FNDA:0,(anonymous_60)
FNDA:0,(anonymous_61)
FNDA:0,(anonymous_62)
FNDA:0,(anonymous_63)
FNDA:0,(anonymous_64)
FNDA:0,(anonymous_65)
FNDA:0,(anonymous_66)
FNDA:0,(anonymous_67)
FNDA:0,(anonymous_68)
FNDA:0,(anonymous_69)
[...]
FN:1068,(anonymous_97)
FN:1103,(anonymous_98)
FN:1104,(anonymous_99)
FN:1106,(anonymous_100)
FN:1107,(anonymous_101)
FN:1132,(anonymous_102)
FN:1133,(anonymous_103)
FN:1137,(anonymous_104)
FN:1138,(anonymous_105)
FN:1142,(anonymous_106)
FN:1143,(anonymous_107)
FN:1167,(anonymous_108)
FN:1168,(anonymous_109)
FN:1170,(anonymous_110)
FN:1174,(anonymous_111)
FN:1175,(anonymous_112)
FN:1187,(anonymous_113)
FN:1188,(anonymous_114)
FN:1192,(anonymous_115)
FN:1193,(anonymous_116)
FN:1212,(anonymous_117)
FN:1213,(anonymous_118)
FN:1215,(anonymous_119)
FN:1228,(anonymous_120)
FN:1229,(anonymous_121)
FN:1233,(anonymous_122)
FN:1234,(anonymous_123)
FN:1253,(anonymous_124)
FN:1254,(anonymous_125)
FN:1256,(anonymous_126)
FN:1273,(anonymous_127)
FN:1274,(anonymous_128)
FN:1278,(anonymous_129)
FN:1279,(anonymous_130)
FN:1298,(anonymous_131)
FN:1311,(anonymous_132)
FN:1324,(anonymous_133)
FN:1337,(anonymous_134)
FN:1351,(anonymous_135)
FN:1365,(anonymous_136)
FN:1369,(anonymous_137)
FN:1373,(anonymous_138)
FN:1378,(anonymous_139)
FN:1387,(anonymous_140)
FN:1394,(anonymous_141)
FN:1401,(anonymous_142)
FN:1405,(anonymous_143)
FN:1409,(anonymous_144)
FN:1413,(anonymous_145)
FN:1417,(anonymous_146)
FN:1424,(anonymous_147)
FN:1428,(anonymous_148)
FN:1432,(anonymous_149)
FN:1436,(anonymous_150)
FN:1441,(anonymous_151)
FN:1445,(anonymous_152)
FN:1449,(anonymous_153)
FN:1453,(anonymous_154)
FN:1457,(anonymous_155)
FN:1462,(anonymous_156)
FN:1466,(anonymous_157)
FN:1470,(anonymous_158)
FN:1474,(anonymous_159)
FN:1478,(anonymous_160)
FN:1482,(anonymous_161)
FN:1486,(anonymous_162)
FN:1490,(anonymous_163)
FN:1494,(anonymous_164)
FN:1499,(anonymous_165)
FN:1513,(anonymous_166)
FN:1523,(anonymous_167)
FN:1534,(anonymous_168)
FN:1535,(anonymous_169)
FN:1544,(anonymous_170)
FNF:171
FNH:0
FNDA:0,(anonymous_0)
FNDA:0,(anonymous_1)
FNDA:0,(anonymous_2)
FNDA:0,(anonymous_3)
FNDA:0,(anonymous_4)
FNDA:0,(anonymous_5)
FNDA:0,(anonymous_6)
FNDA:0,(anonymous_7)
FNDA:0,(anonymous_8)
FNDA:0,(anonymous_9)
FNDA:0,(anonymous_10)
FNDA:0,(anonymous_11)
FNDA:0,(anonymous_12)
FNDA:0,(anonymous_13)
FNDA:0,(anonymous_14)
FNDA:0,(anonymous_15)
FNDA:0,(anonymous_16)
FNDA:0,(anonymous_17)
FNDA:0,(anonymous_18)
FNDA:0,(anonymous_19)
FNDA:0,(anonymous_20)
FNDA:0,(anonymous_21)
FNDA:0,(anonymous_22)
FNDA:0,(anonymous_23)
FNDA:0,(anonymous_24)
FNDA:0,(anonymous_25)
FNDA:0,(anonymous_26)
FNDA:0,(anonymous_27)
FNDA:0,(anonymous_28)
FNDA:0,(anonymous_29)
FNDA:0,(anonymous_30)
FNDA:0,(anonymous_31)
FNDA:0,(anonymous_32)
FNDA:0,(anonymous_33)
FNDA:0,(anonymous_34)
FNDA:0,(anonymous_35)
FNDA:0,(anonymous_36)
FNDA:0,(anonymous_37)
FNDA:0,(anonymous_38)
FNDA:0,(anonymous_39)
FNDA:0,(anonymous_40)
FNDA:0,(anonymous_41)
FNDA:0,(anonymous_42)
FNDA:0,(anonymous_43)
FNDA:0,(anonymous_44)
FNDA:0,(anonymous_45)
FNDA:0,(anonymous_46)
FNDA:0,(anonymous_47)
FNDA:0,(anonymous_48)
FNDA:0,(anonymous_49)
FNDA:0,(anonymous_50)
FNDA:0,(anonymous_51)
FNDA:0,(anonymous_52)
FNDA:0,(anonymous_53)
FNDA:0,(anonymous_54)
FNDA:0,(anonymous_55)
FNDA:0,(anonymous_56)
FNDA:0,(anonymous_57)
FNDA:0,(anonymous_58)
FNDA:0,(anonymous_59)
FNDA:0,(anonymous_60)
FNDA:0,(anonymous_61)
FNDA:0,(anonymous_62)
FNDA:0,(anonymous_63)
FNDA:0,(anonymous_64)
FNDA:0,(anonymous_65)
FNDA:0,(anonymous_66)
FNDA:0,(anonymous_67)
FNDA:0,(anonymous_68)
FNDA:0,(anonymous_69)
FNDA:0,(anonymous_70)
FNDA:0,(anonymous_71)
FNDA:0,(anonymous_72)
FNDA:0,(anonymous_73)
FNDA:0,(anonymous_74)
FNDA:0,(anonymous_75)
FNDA:0,(anonymous_76)
FNDA:0,(anonymous_77)
FNDA:0,(anonymous_78)
FNDA:0,(anonymous_79)
FNDA:0,(anonymous_80)
FNDA:0,(anonymous_81)
FNDA:0,(anonymous_82)
FNDA:0,(anonymous_83)
FNDA:0,(anonymous_84)
FNDA:0,(anonymous_85)
FNDA:0,(anonymous_86)
FNDA:0,(anonymous_87)
FNDA:0,(anonymous_88)
FNDA:0,(anonymous_89)
FNDA:0,(anonymous_90)
FNDA:0,(anonymous_91)
FNDA:0,(anonymous_92)
FNDA:0,(anonymous_93)
FNDA:0,(anonymous_94)
FNDA:0,(anonymous_95)
FNDA:0,(anonymous_96)
FNDA:0,(anonymous_97)
FNDA:0,(anonymous_98)
FNDA:0,(anonymous_99)
FNDA:0,(anonymous_100)
FNDA:0,(anonymous_101)
FNDA:0,(anonymous_102)
FNDA:0,(anonymous_103)
FNDA:0,(anonymous_104)
FNDA:0,(anonymous_105)
FNDA:0,(anonymous_106)
FNDA:0,(anonymous_107)
FNDA:0,(anonymous_108)
FNDA:0,(anonymous_109)
FNDA:0,(anonymous_110)
FNDA:0,(anonymous_111)
FNDA:0,(anonymous_112)
FNDA:0,(anonymous_113)
FNDA:0,(anonymous_114)
FNDA:0,(anonymous_115)
FNDA:0,(anonymous_116)
FNDA:0,(anonymous_117)
FNDA:0,(anonymous_118)
FNDA:0,(anonymous_119)
FNDA:0,(anonymous_120)
FNDA:0,(anonymous_121)
FNDA:0,(anonymous_122)
FNDA:0,(anonymous_123)
FNDA:0,(anonymous_124)
FNDA:0,(anonymous_125)
FNDA:0,(anonymous_126)
FNDA:0,(anonymous_127)
FNDA:0,(anonymous_128)
FNDA:0,(anonymous_129)
FNDA:0,(anonymous_130)
FNDA:0,(anonymous_131)
FNDA:0,(anonymous_132)
FNDA:0,(anonymous_133)
FNDA:0,(anonymous_134)
FNDA:0,(anonymous_135)
FNDA:0,(anonymous_136)
FNDA:0,(anonymous_137)
FNDA:0,(anonymous_138)
FNDA:0,(anonymous_139)
FNDA:0,(anonymous_140)
FNDA:0,(anonymous_141)
FNDA:0,(anonymous_142)
FNDA:0,(anonymous_143)
FNDA:0,(anonymous_144)
FNDA:0,(anonymous_145)
FNDA:0,(anonymous_146)
FNDA:0,(anonymous_147)
FNDA:0,(anonymous_148)
FNDA:0,(anonymous_149)
FNDA:0,(anonymous_150)
FNDA:0,(anonymous_151)
FNDA:0,(anonymous_152)
FNDA:0,(anonymous_153)
FNDA:0,(anonymous_154)
FNDA:0,(anonymous_155)
FNDA:0,(anonymous_156)
FNDA:0,(anonymous_157)
FNDA:0,(anonymous_158)
FNDA:0,(anonymous_159)
FNDA:0,(anonymous_160)
FNDA:0,(anonymous_161)
FNDA:0,(anonymous_162)
FNDA:0,(anonymous_163)
FNDA:0,(anonymous_164)
FNDA:0,(anonymous_165)
FNDA:0,(anonymous_166)
FNDA:0,(anonymous_167)
FNDA:0,(anonymous_168)
FNDA:0,(anonymous_169)
FNDA:0,(anonymous_170)
DA:249,0
DA:250,0
DA:253,0
DA:262,0
DA:263,0
DA:266,0
DA:268,0
DA:269,0
DA:270,0
DA:271,0
DA:274,0
DA:275,0
DA:279,0
DA:280,0
DA:281,0
DA:282,0
DA:284,0
DA:290,0
DA:294,0
DA:296,0
DA:297,0
DA:299,0
DA:302,0
DA:305,0
DA:306,0
DA:307,0
DA:311,0
DA:313,0
DA:314,0
DA:320,0
DA:321,0
DA:322,0
DA:325,0
DA:326,0
DA:328,0
DA:330,0
DA:331,0
DA:332,0
DA:333,0
DA:334,0
DA:335,0
DA:336,0
DA:339,0
DA:340,0
DA:346,0
DA:353,0
DA:357,0
DA:359,0
DA:360,0
DA:373,0
DA:374,0
DA:375,0
DA:378,0
DA:379,0
DA:380,0
DA:383,0
DA:385,0
DA:392,0
DA:414,0
DA:415,0
DA:416,0
DA:417,0
DA:419,0
DA:421,0
DA:430,0
DA:431,0
DA:432,0
DA:435,0
DA:436,0
DA:437,0
DA:440,0
DA:461,0
DA:462,0
DA:463,0
DA:464,0
DA:466,0
DA:467,0
DA:468,0
DA:470,0
DA:479,0
DA:480,0
DA:481,0
DA:484,0
DA:485,0
DA:486,0
DA:489,0
DA:510,0
DA:511,0
DA:512,0
DA:521,0
DA:522,0
DA:523,0
DA:526,0
DA:527,0
DA:528,0
DA:531,0
DA:551,0
DA:552,0
DA:553,0
DA:555,0
DA:565,0
DA:566,0
DA:567,0
DA:570,0
DA:571,0
DA:572,0
DA:575,0
DA:596,0
DA:598,0
DA:599,0
DA:600,0
DA:601,0
DA:602,0
DA:603,0
DA:605,0
DA:606,0
DA:608,0
DA:612,0
DA:614,0
DA:615,0
DA:616,0
DA:619,0
DA:620,0
DA:621,0
DA:624,0
DA:625,0
DA:626,0
DA:627,0
DA:630,0
DA:634,0
DA:636,0
DA:637,0
DA:638,0
DA:641,0
DA:642,0
DA:643,0
DA:647,0
DA:648,0
DA:649,0
DA:650,0
DA:653,0
DA:654,0
DA:656,0
DA:658,0
DA:660,0
DA:661,0
DA:664,0
DA:668,0
DA:670,0
DA:671,0
DA:672,0
DA:675,0
DA:676,0
DA:677,0
DA:680,0
DA:681,0
DA:682,0
DA:683,0
DA:686,0
DA:690,0
DA:692,0
DA:693,0
DA:694,0
DA:697,0
DA:698,0
DA:699,0
DA:703,0
DA:704,0
DA:705,0
DA:706,0
DA:708,0
DA:711,0
DA:712,0
DA:714,0
DA:716,0
DA:718,0
DA:719,0
DA:722,0
DA:726,0
DA:728,0
DA:729,0
DA:730,0
DA:733,0
DA:734,0
DA:735,0
DA:739,0
DA:740,0
DA:741,0
DA:742,0
DA:745,0
DA:746,0
DA:748,0
DA:750,0
DA:752,0
DA:753,0
DA:756,0
DA:761,0
DA:762,0
DA:763,0
DA:764,0
DA:768,0
DA:769,0
DA:770,0
DA:771,0
DA:772,0
DA:774,0
DA:775,0
DA:780,0
DA:781,0
DA:782,0
DA:783,0
DA:787,0
DA:788,0
DA:789,0
DA:790,0
DA:791,0
DA:793,0
DA:794,0
DA:799,0
DA:800,0
DA:801,0
DA:802,0
DA:806,0
DA:807,0
DA:808,0
DA:809,0
DA:810,0
DA:812,0
DA:813,0
DA:818,0
DA:819,0
DA:820,0
DA:821,0
DA:825,0
DA:826,0
DA:827,0
DA:828,0
DA:829,0
DA:831,0
DA:832,0
DA:837,0
DA:838,0
DA:839,0
DA:840,0
DA:844,0
DA:845,0
DA:846,0
DA:847,0
DA:848,0
DA:850,0
DA:851,0
DA:857,0
DA:858,0
DA:862,0
DA:872,0
DA:882,0
DA:885,0
DA:888,0
DA:890,0
DA:905,0
DA:934,0
DA:939,0
DA:940,0
DA:941,0
DA:942,0
DA:943,0
DA:944,0
DA:945,0
DA:946,0
DA:949,0
DA:951,0
DA:966,0
DA:967,0
DA:968,0
DA:971,0
DA:972,0
DA:973,0
DA:976,0
DA:977,0
DA:978,0
DA:982,0
DA:985,0
DA:987,0
DA:1013,0
DA:1020,0
DA:1030,0
DA:1039,0
DA:1051,0
DA:1052,0
DA:1053,0
DA:1054,0
DA:1055,0
DA:1058,0
DA:1067,0
DA:1068,0
DA:1069,0
DA:1074,0
DA:1082,0
DA:1085,0
DA:1087,0
DA:1104,0
DA:1105,0
DA:1106,0
DA:1107,0
DA:1108,0
DA:1109,0
DA:1110,0
DA:1111,0
DA:1114,0
DA:1116,0
DA:1118,0
DA:1131,0
DA:1132,0
DA:1133,0
DA:1136,0
DA:1137,0
DA:1138,0
DA:1141,0
DA:1142,0
DA:1143,0
DA:1146,0
DA:1168,0
DA:1169,0
DA:1170,0
DA:1172,0
DA:1174,0
DA:1175,0
DA:1176,0
DA:1178,0
DA:1186,0
DA:1187,0
DA:1188,0
DA:1191,0
DA:1192,0
DA:1193,0
DA:1196,0
DA:1213,0
DA:1214,0
DA:1215,0
DA:1217,0
DA:1219,0
DA:1227,0
DA:1228,0
DA:1229,0
DA:1232,0
DA:1233,0
DA:1234,0
DA:1237,0
DA:1254,0
DA:1255,0
DA:1256,0
DA:1258,0
DA:1260,0
DA:1262,0
DA:1272,0
DA:1273,0
DA:1274,0
DA:1277,0
DA:1278,0
DA:1279,0
DA:1282,0
DA:1299,0
DA:1312,0
DA:1325,0
DA:1338,0
DA:1352,0
DA:1366,0
DA:1370,0
DA:1374,0
DA:1379,0
DA:1380,0
DA:1381,0
DA:1383,0
DA:1388,0
DA:1395,0
DA:1402,0
DA:1406,0
DA:1410,0
DA:1414,0
DA:1418,0
DA:1419,0
DA:1420,0
DA:1425,0
DA:1429,0
DA:1433,0
DA:1437,0
DA:1442,0
DA:1446,0
DA:1450,0
DA:1454,0
DA:1458,0
DA:1463,0
DA:1467,0
DA:1471,0
DA:1475,0
DA:1479,0
DA:1483,0
DA:1487,0
DA:1491,0
DA:1495,0
DA:1501,0
DA:1504,0
DA:1507,0
DA:1509,0
DA:1515,0
DA:1519,0
DA:1525,0
DA:1534,0
DA:1535,0
DA:1536,0
DA:1537,0
DA:1540,0
DA:1545,0
DA:1546,0
DA:1547,0
DA:1548,0
DA:1549,0
DA:1550,0
DA:1551,0
DA:1552,0
DA:1553,0
LF:421
LH:0
BRDA:262,0,0,0
BRDA:262,0,1,0
BRDA:266,1,0,0
BRDA:266,1,1,0
BRDA:269,2,0,0
BRDA:269,2,1,0
BRDA:274,3,0,0
BRDA:274,3,1,0
BRDA:294,4,0,0
BRDA:294,4,1,0
BRDA:297,5,0,0
BRDA:297,5,1,0
BRDA:305,6,0,0
BRDA:305,6,1,0
BRDA:339,7,0,0
BRDA:339,7,1,0
BRDA:359,8,0,0
BRDA:359,8,1,0
BRDA:397,9,0,0
BRDA:397,9,1,0
BRDA:398,10,0,0
BRDA:398,10,1,0
BRDA:402,11,0,0
BRDA:402,11,1,0
BRDA:403,12,0,0
BRDA:403,12,1,0
BRDA:417,13,0,0
BRDA:417,13,1,0
BRDA:419,14,0,0
BRDA:419,14,1,0
BRDA:419,15,0,0
BRDA:419,15,1,0
BRDA:445,16,0,0
BRDA:445,16,1,0
BRDA:446,17,0,0
BRDA:446,17,1,0
BRDA:450,18,0,0
BRDA:450,18,1,0
BRDA:464,19,0,0
BRDA:464,19,1,0
BRDA:494,20,0,0
BRDA:494,20,1,0
BRDA:495,21,0,0
BRDA:495,21,1,0
BRDA:498,22,0,0
BRDA:498,22,1,0
BRDA:499,23,0,0
BRDA:499,23,1,0
BRDA:536,24,0,0
BRDA:536,24,1,0
BRDA:537,25,0,0
BRDA:537,25,1,0
BRDA:540,26,0,0
BRDA:540,26,1,0
BRDA:553,27,0,0
BRDA:553,27,1,0
BRDA:553,28,0,0
BRDA:553,28,1,0
BRDA:580,29,0,0
BRDA:580,29,1,0
BRDA:581,30,0,0
BRDA:581,30,1,0
BRDA:584,31,0,0
BRDA:584,31,1,0
BRDA:585,32,0,0
BRDA:585,32,1,0
BRDA:596,33,0,0
BRDA:596,33,1,0
BRDA:596,34,0,0
BRDA:596,34,1,0
BRDA:608,35,0,0
BRDA:608,35,1,0
BRDA:614,36,0,0
BRDA:614,36,1,0
BRDA:619,37,0,0
BRDA:619,37,1,0
BRDA:624,38,0,0
BRDA:624,38,1,0
BRDA:624,39,0,0
BRDA:624,39,1,0
BRDA:636,40,0,0
BRDA:636,40,1,0
BRDA:641,41,0,0
BRDA:641,41,1,0
BRDA:648,42,0,0
BRDA:648,42,1,0
BRDA:660,43,0,0
BRDA:660,43,1,0
BRDA:670,44,0,0
BRDA:670,44,1,0
BRDA:675,45,0,0
BRDA:675,45,1,0
BRDA:680,46,0,0
BRDA:680,46,1,0
BRDA:692,47,0,0
BRDA:692,47,1,0
BRDA:697,48,0,0
BRDA:697,48,1,0
BRDA:705,49,0,0
BRDA:705,49,1,0
BRDA:718,50,0,0
BRDA:718,50,1,0
BRDA:728,51,0,0
BRDA:728,51,1,0
BRDA:733,52,0,0
BRDA:733,52,1,0
BRDA:740,53,0,0
BRDA:740,53,1,0
BRDA:752,54,0,0
BRDA:752,54,1,0
BRDA:771,55,0,0
BRDA:771,55,1,0
BRDA:772,56,0,0
BRDA:772,56,1,0
BRDA:790,57,0,0
BRDA:790,57,1,0
BRDA:791,58,0,0
BRDA:791,58,1,0
BRDA:809,59,0,0
BRDA:809,59,1,0
BRDA:810,60,0,0
BRDA:810,60,1,0
BRDA:828,61,0,0
BRDA:828,61,1,0
BRDA:829,62,0,0
BRDA:829,62,1,0
BRDA:847,63,0,0
BRDA:847,63,1,0
BRDA:848,64,0,0
BRDA:848,64,1,0
BRDA:856,65,0,0
BRDA:949,66,0,0
BRDA:949,66,1,0
BRDA:949,67,0,0
BRDA:949,67,1,0
BRDA:954,68,0,0
BRDA:954,68,1,0
BRDA:954,69,0,0
BRDA:954,69,1,0
BRDA:957,70,0,0
BRDA:957,70,1,0
BRDA:958,71,0,0
BRDA:958,71,1,0
BRDA:961,72,0,0
BRDA:961,72,1,0
BRDA:961,73,0,0
BRDA:961,73,1,0
BRDA:968,74,0,0
BRDA:968,74,1,0
BRDA:968,74,2,0
BRDA:973,75,0,0
BRDA:973,75,1,0
BRDA:973,75,2,0
BRDA:978,76,0,0
BRDA:978,76,1,0
BRDA:978,76,2,0
BRDA:1097,77,0,0
BRDA:1097,77,1,0
BRDA:1097,78,0,0
BRDA:1097,78,1,0
BRDA:1114,79,0,0
BRDA:1114,79,1,0
BRDA:1114,80,0,0
BRDA:1114,80,1,0
BRDA:1116,81,0,0
BRDA:1116,81,1,0
BRDA:1116,82,0,0
BRDA:1116,82,1,0
BRDA:1122,83,0,0
BRDA:1122,83,1,0
BRDA:1123,84,0,0
BRDA:1123,84,1,0
BRDA:1126,85,0,0
BRDA:1126,85,1,0
BRDA:1126,86,0,0
BRDA:1126,86,1,0
BRDA:1133,87,0,0
BRDA:1133,87,1,0
BRDA:1133,87,2,0
BRDA:1138,88,0,0
BRDA:1138,88,1,0
BRDA:1138,88,2,0
BRDA:1142,89,0,0
BRDA:1142,89,1,0
BRDA:1143,90,0,0
BRDA:1143,90,1,0
BRDA:1143,90,2,0
BRDA:1172,91,0,0
BRDA:1172,91,1,0
BRDA:1217,92,0,0
BRDA:1217,92,1,0
BRDA:1258,93,0,0
BRDA:1258,93,1,0
BRDA:1260,94,0,0
BRDA:1260,94,1,0
BRDA:1260,95,0,0
BRDA:1260,95,1,0
BRDA:1545,96,0,0
BRDA:1545,96,1,0
BRDA:1546,97,0,0
BRDA:1546,97,1,0
BRDA:1547,98,0,0
BRDA:1547,98,1,0
BRDA:1548,99,0,0
BRDA:1548,99,1,0
BRDA:1549,100,0,0
BRDA:1549,100,1,0
BRDA:1550,101,0,0
BRDA:1550,101,1,0
BRDA:1551,102,0,0
BRDA:1551,102,1,0
BRDA:1552,103,0,0
BRDA:1552,103,1,0
BRF:213
BRH:0
end_of_record
TN:
SF:types\analytics.ts
FNF:0
FNH:0
LF:0
LH:0
BRF:0
BRH:0
end_of_record
TN:
SF:types\index.ts
FNF:0
FNH:0
LF:0
LH:0
BRF:0
BRH:0
end_of_record
TN:
SF:types\professional.ts
FNF:0
FNH:0
LF:0
LH:0
BRF:0
BRH:0
end_of_record
TN:
SF:utils\errorHandler.ts
FN:39,(anonymous_0)
FN:46,(anonymous_1)
FN:68,(anonymous_2)
FN:115,(anonymous_3)
FN:119,(anonymous_4)
FN:125,(anonymous_5)
FN:157,(anonymous_6)
FN:166,(anonymous_7)
FN:173,(anonymous_8)
FN:177,(anonymous_9)
FN:181,(anonymous_10)
FN:185,(anonymous_11)
FN:186,(anonymous_12)
FN:189,(anonymous_13)
FN:191,(anonymous_14)
FN:195,(anonymous_15)
FN:199,(anonymous_16)
FN:206,(anonymous_17)
FN:210,(anonymous_18)
FN:229,(anonymous_19)
FN:250,(anonymous_20)
FN:265,(anonymous_21)
FN:271,(anonymous_22)
FN:281,(anonymous_23)
FN:285,(anonymous_24)
FN:289,(anonymous_25)
FN:293,(anonymous_26)
FNF:27
FNH:0
FNDA:0,(anonymous_0)
FNDA:0,(anonymous_1)
FNDA:0,(anonymous_2)
FNDA:0,(anonymous_3)
FNDA:0,(anonymous_4)
FNDA:0,(anonymous_5)
FNDA:0,(anonymous_6)
FNDA:0,(anonymous_7)
FNDA:0,(anonymous_8)
FNDA:0,(anonymous_9)
FNDA:0,(anonymous_10)
FNDA:0,(anonymous_11)
FNDA:0,(anonymous_12)
FNDA:0,(anonymous_13)
FNDA:0,(anonymous_14)
FNDA:0,(anonymous_15)
FNDA:0,(anonymous_16)
FNDA:0,(anonymous_17)
FNDA:0,(anonymous_18)
FNDA:0,(anonymous_19)
FNDA:0,(anonymous_20)
FNDA:0,(anonymous_21)
FNDA:0,(anonymous_22)
FNDA:0,(anonymous_23)
FNDA:0,(anonymous_24)
FNDA:0,(anonymous_25)
FNDA:0,(anonymous_26)
DA:36,0
DA:37,0
DA:40,0
DA:41,0
DA:43,0
DA:53,0
DA:64,0
DA:65,0
DA:79,0
DA:83,0
DA:84,0
DA:85,0
DA:86,0
DA:88,0
DA:98,0
DA:99,0
DA:103,0
DA:104,0
DA:108,0
DA:109,0
DA:112,0
DA:119,0
DA:120,0
DA:121,0
DA:126,0
DA:127,0
DA:128,0
DA:130,0
DA:131,0
DA:132,0
DA:133,0
DA:134,0
DA:135,0
DA:136,0
DA:137,0
DA:138,0
DA:139,0
DA:140,0
DA:141,0
DA:142,0
DA:143,0
DA:144,0
DA:145,0
DA:146,0
DA:147,0
DA:148,0
DA:149,0
DA:150,0
DA:151,0
DA:154,0
DA:158,0
DA:167,0
DA:174,0
DA:178,0
DA:182,0
DA:186,0
DA:190,0
DA:191,0
DA:196,0
DA:200,0
DA:201,0
DA:202,0
DA:207,0
DA:211,0
DA:212,0
DA:214,0
DA:215,0
DA:217,0
DA:218,0
DA:220,0
DA:221,0
DA:223,0
DA:224,0
DA:226,0
DA:230,0
DA:232,0
DA:234,0
DA:236,0
DA:238,0
DA:240,0
DA:242,0
DA:244,0
DA:246,0
DA:251,0
DA:252,0
DA:268,0
DA:274,0
DA:279,0
DA:281,0
DA:282,0
DA:285,0
DA:286,0
DA:289,0
DA:290,0
DA:293,0
DA:294,0
LF:96
LH:0
BRDA:40,0,0,0
BRDA:40,0,1,0
BRDA:57,1,0,0
BRDA:57,1,1,0
BRDA:70,2,0,0
BRDA:73,3,0,0
BRDA:74,4,0,0
BRDA:75,5,0,0
BRDA:76,6,0,0
BRDA:77,7,0,0
BRDA:78,8,0,0
BRDA:83,9,0,0
BRDA:83,9,1,0
BRDA:85,10,0,0
BRDA:85,10,1,0
BRDA:98,11,0,0
BRDA:98,11,1,0
BRDA:103,12,0,0
BRDA:103,12,1,0
BRDA:108,13,0,0
BRDA:108,13,1,0
BRDA:117,14,0,0
BRDA:130,15,0,0
BRDA:130,15,1,0
BRDA:133,16,0,0
BRDA:133,16,1,0
BRDA:136,17,0,0
BRDA:136,17,1,0
BRDA:140,18,0,0
BRDA:140,18,1,0
BRDA:144,19,0,0
BRDA:144,19,1,0
BRDA:148,20,0,0
BRDA:148,20,1,0
BRDA:174,21,0,0
BRDA:174,21,1,0
BRDA:189,22,0,0
BRDA:201,23,0,0
BRDA:201,23,1,0
BRDA:207,24,0,0
BRDA:207,24,1,0
BRDA:207,24,2,0
BRDA:207,24,3,0
BRDA:211,25,0,0
BRDA:211,25,1,0
BRDA:211,26,0,0
BRDA:211,26,1,0
BRDA:214,27,0,0
BRDA:214,27,1,0
BRDA:214,28,0,0
BRDA:214,28,1,0
BRDA:217,29,0,0
BRDA:217,29,1,0
BRDA:217,30,0,0
BRDA:217,30,1,0
BRDA:220,31,0,0
BRDA:220,31,1,0
BRDA:220,32,0,0
BRDA:220,32,1,0
BRDA:223,33,0,0
BRDA:223,33,1,0
BRDA:223,34,0,0
BRDA:223,34,1,0
BRDA:230,35,0,0
BRDA:230,35,1,0
BRDA:230,35,2,0
BRDA:230,35,3,0
BRDA:230,35,4,0
BRDA:230,35,5,0
BRDA:230,35,6,0
BRDA:230,35,7,0
BRDA:251,36,0,0
BRDA:251,36,1,0
BRF:73
BRH:0
end_of_record
TN:
SF:utils\logger.ts
FN:6,(anonymous_0)
FN:10,(anonymous_1)
FN:14,(anonymous_2)
FN:18,(anonymous_3)
FN:22,(anonymous_4)
FN:28,(anonymous_5)
FN:34,(anonymous_6)
FN:40,(anonymous_7)
FN:49,(anonymous_8)
FN:50,(anonymous_9)
FN:51,(anonymous_10)
FN:52,(anonymous_11)
FNF:12
FNH:0
FNDA:0,(anonymous_0)
FNDA:0,(anonymous_1)
FNDA:0,(anonymous_2)
FNDA:0,(anonymous_3)
FNDA:0,(anonymous_4)
FNDA:0,(anonymous_5)
FNDA:0,(anonymous_6)
FNDA:0,(anonymous_7)
FNDA:0,(anonymous_8)
FNDA:0,(anonymous_9)
FNDA:0,(anonymous_10)
FNDA:0,(anonymous_11)
DA:3,0
DA:4,0
DA:7,0
DA:11,0
DA:15,0
DA:19,0
DA:23,0
DA:24,0
DA:29,0
DA:30,0
DA:35,0
DA:36,0
DA:42,0
DA:46,0
DA:49,0
DA:50,0
DA:51,0
DA:52,0
LF:18
LH:0
BRDA:23,0,0,0
BRDA:23,0,1,0
BRDA:29,1,0,0
BRDA:29,1,1,0
BRDA:29,2,0,0
BRDA:29,2,1,0
BRDA:35,3,0,0
BRDA:35,3,1,0
BRF:8
BRH:0
end_of_record
TN:
SF:utils\timezone.ts
FN:39,(anonymous_0)
FN:67,(anonymous_1)
FN:97,(anonymous_2)
FN:123,(anonymous_3)
FN:136,(anonymous_4)
FN:147,(anonymous_5)
FN:162,(anonymous_6)
FN:171,(anonymous_7)
FN:178,(anonymous_8)
FN:209,(anonymous_9)
FN:230,(anonymous_10)
FN:244,(anonymous_11)
FN:254,(anonymous_12)
FN:263,(anonymous_13)
FN:272,(anonymous_14)
FN:289,(anonymous_15)
FN:306,(anonymous_16)
FN:313,(anonymous_17)
FN:320,(anonymous_18)
FN:329,(anonymous_19)
FN:333,(anonymous_20)
FN:337,(anonymous_21)
FN:341,(anonymous_22)
FN:345,(anonymous_23)
FN:350,(anonymous_24)
FNF:25
FNH:0
FNDA:0,(anonymous_0)
FNDA:0,(anonymous_1)
FNDA:0,(anonymous_2)
FNDA:0,(anonymous_3)
FNDA:0,(anonymous_4)
FNDA:0,(anonymous_5)
FNDA:0,(anonymous_6)
FNDA:0,(anonymous_7)
FNDA:0,(anonymous_8)
FNDA:0,(anonymous_9)
FNDA:0,(anonymous_10)
FNDA:0,(anonymous_11)
FNDA:0,(anonymous_12)
FNDA:0,(anonymous_13)
FNDA:0,(anonymous_14)
FNDA:0,(anonymous_15)
FNDA:0,(anonymous_16)
FNDA:0,(anonymous_17)
FNDA:0,(anonymous_18)
FNDA:0,(anonymous_19)
FNDA:0,(anonymous_20)
FNDA:0,(anonymous_21)
FNDA:0,(anonymous_22)
FNDA:0,(anonymous_23)
FNDA:0,(anonymous_24)
DA:13,0
DA:30,0
DA:33,0
DA:34,0
DA:40,0
DA:42,0
DA:44,0
DA:46,0
DA:47,0
DA:50,0
DA:52,0
DA:55,0
DA:57,0
DA:59,0
DA:60,0
DA:68,0
DA:70,0
DA:71,0
DA:74,0
DA:75,0
DA:79,0
DA:80,0
DA:82,0
DA:84,0
DA:86,0
DA:98,0
DA:112,0
DA:113,0
DA:124,0
DA:125,0
DA:126,0
DA:128,0
DA:129,0
DA:137,0
DA:138,0
DA:140,0
DA:148,0
DA:149,0
DA:150,0
DA:156,0
DA:163,0
DA:164,0
DA:172,0
DA:179,0
DA:181,0
DA:183,0
DA:191,0
DA:193,0
DA:195,0
DA:197,0
DA:198,0
DA:199,0
DA:200,0
DA:202,0
DA:210,0
DA:212,0
DA:214,0
DA:215,0
DA:218,0
DA:219,0
DA:221,0
DA:223,0
DA:231,0
DA:233,0
DA:234,0
DA:236,0
DA:237,0
DA:245,0
DA:246,0
DA:248,0
DA:255,0
DA:256,0
DA:257,0
DA:264,0
DA:265,0
DA:266,0
DA:273,0
DA:275,0
DA:276,0
DA:281,0
DA:282,0
DA:290,0
DA:292,0
DA:293,0
DA:298,0
DA:299,0
DA:307,0
DA:314,0
DA:321,0
DA:326,0
DA:329,0
DA:330,0
DA:333,0
DA:334,0
DA:337,0
DA:338,0
DA:341,0
DA:342,0
DA:345,0
DA:346,0
DA:350,0
DA:351,0
LF:102
LH:0
BRDA:40,0,0,0
BRDA:40,0,1,0
BRDA:46,1,0,0
BRDA:46,1,1,0
BRDA:70,2,0,0
BRDA:70,2,1,0
BRDA:71,3,0,0
BRDA:71,3,1,0
BRDA:74,4,0,0
BRDA:74,4,1,0
BRDA:74,5,0,0
BRDA:74,5,1,0
BRDA:79,6,0,0
BRDA:79,6,1,0
BRDA:112,7,0,0
BRDA:112,7,1,0
BRDA:112,7,2,0
BRDA:113,8,0,0
BRDA:113,8,1,0
BRDA:116,9,0,0
BRDA:116,9,1,0
BRDA:126,10,0,0
BRDA:126,10,1,0
BRDA:148,11,0,0
BRDA:148,11,1,0
BRDA:178,12,0,0
BRDA:254,13,0,0
BRDA:263,14,0,0
BRDA:272,15,0,0
BRDA:289,16,0,0
BRF:30
BRH:0
end_of_record
TN:
SF:utils\withErrorBoundary.tsx
FN:5,(anonymous_0)
FN:8,(anonymous_1)
FNF:2
FNH:0
FNDA:0,(anonymous_0)
FNDA:0,(anonymous_1)
DA:5,0
DA:8,0
DA:9,0
LF:3
LH:0
BRF:0
BRH:0
end_of_record
